2025-08-11 15:11:00.905 [main] INFO  com.itheima.TliasWebManagementApplication-Starting TliasWebManagementApplication using Java 21.0.7 with PID 20964 (E:\Xiaoming\Java\JavaWeb\Code\web-ai-project02\tlias-web-management\target\classes started by 麻效铭 in E:\Xiaoming\Java\JavaWeb\Code\web-ai-project02)
2025-08-11 15:11:00.905 [main] INFO  com.itheima.TliasWebManagementApplication-No active profile set, falling back to 1 default profile: "default"
2025-08-11 15:11:01.773 [main] INFO  o.s.boot.web.embedded.tomcat.TomcatWebServer-Tomcat initialized with port 8080 (http)
2025-08-11 15:11:01.783 [main] INFO  org.apache.coyote.http11.Http11NioProtocol-Initializing ProtocolHandler ["http-nio-8080"]
2025-08-11 15:11:01.784 [main] INFO  org.apache.catalina.core.StandardService-Starting service [Tomcat]
2025-08-11 15:11:01.784 [main] INFO  org.apache.catalina.core.StandardEngine-Starting Servlet engine: [Apache Tomcat/10.1.42]
2025-08-11 15:11:01.825 [main] INFO  o.a.c.core.ContainerBase.[Tomcat].[localhost].[/]-Initializing Spring embedded WebApplicationContext
2025-08-11 15:11:01.825 [main] INFO  o.s.b.w.s.c.ServletWebServerApplicationContext-Root WebApplicationContext: initialization completed in 882 ms
2025-08-11 15:11:02.376 [main] INFO  org.apache.coyote.http11.Http11NioProtocol-Starting ProtocolHandler ["http-nio-8080"]
2025-08-11 15:11:02.389 [main] INFO  o.s.boot.web.embedded.tomcat.TomcatWebServer-Tomcat started on port 8080 (http) with context path '/'
2025-08-11 15:11:02.394 [main] INFO  com.itheima.TliasWebManagementApplication-Started TliasWebManagementApplication in 1.739 seconds (process running for 2.587)
2025-08-11 15:12:45.861 [SpringApplicationShutdownHook] INFO  o.s.boot.web.embedded.tomcat.GracefulShutdown-Commencing graceful shutdown. Waiting for active requests to complete
2025-08-11 15:12:45.867 [tomcat-shutdown] INFO  o.s.boot.web.embedded.tomcat.GracefulShutdown-Graceful shutdown complete
2025-08-11 15:12:49.481 [main] INFO  com.itheima.TliasWebManagementApplication-Starting TliasWebManagementApplication using Java 21.0.7 with PID 12124 (E:\Xiaoming\Java\JavaWeb\Code\web-ai-project02\tlias-web-management\target\classes started by 麻效铭 in E:\Xiaoming\Java\JavaWeb\Code\web-ai-project02)
2025-08-11 15:12:49.482 [main] INFO  com.itheima.TliasWebManagementApplication-No active profile set, falling back to 1 default profile: "default"
2025-08-11 15:12:50.240 [main] INFO  o.s.boot.web.embedded.tomcat.TomcatWebServer-Tomcat initialized with port 8080 (http)
2025-08-11 15:12:50.249 [main] INFO  org.apache.coyote.http11.Http11NioProtocol-Initializing ProtocolHandler ["http-nio-8080"]
2025-08-11 15:12:50.250 [main] INFO  org.apache.catalina.core.StandardService-Starting service [Tomcat]
2025-08-11 15:12:50.250 [main] INFO  org.apache.catalina.core.StandardEngine-Starting Servlet engine: [Apache Tomcat/10.1.42]
2025-08-11 15:12:50.281 [main] INFO  o.a.c.core.ContainerBase.[Tomcat].[localhost].[/]-Initializing Spring embedded WebApplicationContext
2025-08-11 15:12:50.281 [main] INFO  o.s.b.w.s.c.ServletWebServerApplicationContext-Root WebApplicationContext: initialization completed in 768 ms
2025-08-11 15:12:50.778 [main] INFO  org.apache.coyote.http11.Http11NioProtocol-Starting ProtocolHandler ["http-nio-8080"]
2025-08-11 15:12:50.791 [main] INFO  o.s.boot.web.embedded.tomcat.TomcatWebServer-Tomcat started on port 8080 (http) with context path '/'
2025-08-11 15:12:50.796 [main] INFO  com.itheima.TliasWebManagementApplication-Started TliasWebManagementApplication in 1.542 seconds (process running for 2.09)
2025-08-11 15:12:56.112 [http-nio-8080-exec-2] INFO  o.a.c.core.ContainerBase.[Tomcat].[localhost].[/]-Initializing Spring DispatcherServlet 'dispatcherServlet'
2025-08-11 15:12:56.112 [http-nio-8080-exec-2] INFO  org.springframework.web.servlet.DispatcherServlet-Initializing Servlet 'dispatcherServlet'
2025-08-11 15:12:56.113 [http-nio-8080-exec-2] INFO  org.springframework.web.servlet.DispatcherServlet-Completed initialization in 1 ms
2025-08-11 15:12:56.131 [http-nio-8080-exec-2] INFO  com.itheima.controller.DeptController-查询全部部门数据
2025-08-11 15:12:56.144 [http-nio-8080-exec-2] INFO  com.zaxxer.hikari.HikariDataSource-HikariPool-1 - Starting...
2025-08-11 15:12:56.466 [http-nio-8080-exec-2] INFO  com.zaxxer.hikari.pool.HikariPool-HikariPool-1 - Added connection com.mysql.cj.jdbc.ConnectionImpl@277e500f
2025-08-11 15:12:56.467 [http-nio-8080-exec-2] INFO  com.zaxxer.hikari.HikariDataSource-HikariPool-1 - Start completed.
2025-08-11 15:22:35.952 [http-nio-8080-exec-1] INFO  com.itheima.controller.DeptController-查询全部部门数据
2025-08-11 15:24:17.659 [http-nio-8080-exec-3] INFO  com.itheima.controller.DeptController-查询全部部门数据
2025-08-11 15:25:39.386 [http-nio-8080-exec-4] INFO  com.itheima.controller.DeptController-查询全部部门数据
2025-08-11 15:27:06.423 [http-nio-8080-exec-5] INFO  com.itheima.controller.DeptController-查询全部部门数据
2025-08-11 15:28:21.786 [http-nio-8080-exec-6] INFO  com.itheima.controller.DeptController-查询全部部门数据
2025-08-11 15:28:58.463 [http-nio-8080-exec-7] INFO  com.itheima.controller.DeptController-查询全部部门数据
2025-08-11 15:29:06.454 [http-nio-8080-exec-8] INFO  com.itheima.controller.DeptController-查询全部部门数据
2025-08-11 15:30:48.686 [http-nio-8080-exec-9] INFO  com.itheima.controller.DeptController-查询全部部门数据
2025-08-11 15:31:09.065 [http-nio-8080-exec-10] INFO  com.itheima.controller.DeptController-查询全部部门数据
2025-08-11 15:31:11.349 [http-nio-8080-exec-2] INFO  com.itheima.controller.DeptController-查询全部部门数据
2025-08-11 15:32:41.242 [http-nio-8080-exec-1] INFO  com.itheima.controller.DeptController-查询全部部门数据
2025-08-11 15:33:45.892 [http-nio-8080-exec-3] INFO  com.itheima.controller.DeptController-查询全部部门数据
2025-08-11 15:34:55.943 [http-nio-8080-exec-4] INFO  com.itheima.controller.DeptController-查询全部部门数据
2025-08-11 15:36:46.130 [http-nio-8080-exec-5] INFO  com.itheima.controller.DeptController-查询全部部门数据
2025-08-11 15:38:10.564 [http-nio-8080-exec-6] INFO  com.itheima.controller.DeptController-查询全部部门数据
2025-08-11 15:38:14.532 [http-nio-8080-exec-7] INFO  com.itheima.controller.DeptController-查询全部部门数据
2025-08-11 15:38:21.770 [http-nio-8080-exec-8] INFO  com.itheima.controller.DeptController-添加部门：Dept(id=null, name=研发一部, createTime=null, updateTime=null)
2025-08-11 15:38:21.788 [http-nio-8080-exec-8] INFO  com.itheima.aop.OperationLogAspect-记录操作日志：OperateLog(id=null, operateEmpId=null, operateTime=2025-08-11T15:38:21.787144400, className=com.itheima.controller.DeptController, methodName=add, methodParams=[Dept(id=null, name=研发一部, createTime=2025-08-11T15:38:21.772223700, updateTime=2025-08-11T15:38:21.772223700)], returnValue=Result(code=1, msg=success, data=null), costTime=17, operateEmpName=null)
2025-08-11 15:38:24.128 [http-nio-8080-exec-9] INFO  com.itheima.controller.DeptController-查询全部部门数据
2025-08-11 15:38:46.639 [http-nio-8080-exec-10] INFO  com.itheima.controller.DeptController-查询全部部门数据
2025-08-11 15:41:08.552 [http-nio-8080-exec-2] INFO  com.itheima.controller.DeptController-查询全部部门数据
2025-08-11 15:41:11.121 [http-nio-8080-exec-1] INFO  com.itheima.controller.DeptController-查询全部部门数据
2025-08-11 15:41:17.515 [http-nio-8080-exec-3] INFO  com.itheima.controller.DeptController-查询全部部门数据
2025-08-11 15:41:23.716 [http-nio-8080-exec-4] INFO  com.itheima.controller.DeptController-查询全部部门数据
2025-08-11 15:41:24.474 [http-nio-8080-exec-5] INFO  com.itheima.controller.DeptController-查询全部部门数据
2025-08-11 15:41:36.275 [http-nio-8080-exec-6] INFO  com.itheima.controller.DeptController-添加部门：Dept(id=null, name=研发三部, createTime=null, updateTime=null)
2025-08-11 15:41:36.281 [http-nio-8080-exec-6] INFO  com.itheima.aop.OperationLogAspect-记录操作日志：OperateLog(id=null, operateEmpId=null, operateTime=2025-08-11T15:41:36.281303700, className=com.itheima.controller.DeptController, methodName=add, methodParams=[Dept(id=null, name=研发三部, createTime=2025-08-11T15:41:36.276294900, updateTime=2025-08-11T15:41:36.276294900)], returnValue=Result(code=1, msg=success, data=null), costTime=6, operateEmpName=null)
2025-08-11 15:41:36.289 [http-nio-8080-exec-7] INFO  com.itheima.controller.DeptController-查询全部部门数据
2025-08-11 15:41:44.887 [http-nio-8080-exec-8] INFO  com.itheima.controller.DeptController-添加部门：Dept(id=null, name=研发三部, createTime=null, updateTime=null)
2025-08-11 15:41:45.237 [http-nio-8080-exec-8] ERROR com.itheima.exception.GlobalExceptionHandler-程序出错啦~
org.springframework.dao.DuplicateKeyException: 
### Error updating database.  Cause: java.sql.SQLIntegrityConstraintViolationException: Duplicate entry '研发三部' for key 'dept.name'
### The error may exist in com/itheima/mapper/DeptMapper.java (best guess)
### The error may involve com.itheima.mapper.DeptMapper.insert-Inline
### The error occurred while setting parameters
### SQL: insert into dept(name, create_time, update_time) values(?, ?, ?)
### Cause: java.sql.SQLIntegrityConstraintViolationException: Duplicate entry '研发三部' for key 'dept.name'
; Duplicate entry '研发三部' for key 'dept.name'
	at org.springframework.jdbc.support.SQLErrorCodeSQLExceptionTranslator.doTranslate(SQLErrorCodeSQLExceptionTranslator.java:254)
	at org.springframework.jdbc.support.AbstractFallbackSQLExceptionTranslator.translate(AbstractFallbackSQLExceptionTranslator.java:107)
	at org.mybatis.spring.MyBatisExceptionTranslator.translateExceptionIfPossible(MyBatisExceptionTranslator.java:93)
	at org.mybatis.spring.SqlSessionTemplate$SqlSessionInterceptor.invoke(SqlSessionTemplate.java:347)
	at jdk.proxy2/jdk.proxy2.$Proxy68.insert(Unknown Source)
	at org.mybatis.spring.SqlSessionTemplate.insert(SqlSessionTemplate.java:224)
	at org.apache.ibatis.binding.MapperMethod.execute(MapperMethod.java:62)
	at org.apache.ibatis.binding.MapperProxy$PlainMethodInvoker.invoke(MapperProxy.java:141)
	at org.apache.ibatis.binding.MapperProxy.invoke(MapperProxy.java:86)
	at jdk.proxy2/jdk.proxy2.$Proxy80.insert(Unknown Source)
	at com.itheima.service.impl.DeptServiceImpl.add(DeptServiceImpl.java:40)
	at com.itheima.controller.DeptController.add(DeptController.java:75)
	at java.base/jdk.internal.reflect.DirectMethodHandleAccessor.invoke(DirectMethodHandleAccessor.java:103)
	at java.base/java.lang.reflect.Method.invoke(Method.java:580)
	at org.springframework.aop.support.AopUtils.invokeJoinpointUsingReflection(AopUtils.java:359)
	at org.springframework.aop.framework.ReflectiveMethodInvocation.invokeJoinpoint(ReflectiveMethodInvocation.java:196)
	at org.springframework.aop.framework.ReflectiveMethodInvocation.proceed(ReflectiveMethodInvocation.java:163)
	at org.springframework.aop.aspectj.MethodInvocationProceedingJoinPoint.proceed(MethodInvocationProceedingJoinPoint.java:89)
	at com.itheima.aop.OperationLogAspect.logOperation(OperationLogAspect.java:27)
	at java.base/jdk.internal.reflect.DirectMethodHandleAccessor.invoke(DirectMethodHandleAccessor.java:103)
	at java.base/java.lang.reflect.Method.invoke(Method.java:580)
	at org.springframework.aop.aspectj.AbstractAspectJAdvice.invokeAdviceMethodWithGivenArgs(AbstractAspectJAdvice.java:642)
	at org.springframework.aop.aspectj.AbstractAspectJAdvice.invokeAdviceMethod(AbstractAspectJAdvice.java:632)
	at org.springframework.aop.aspectj.AspectJAroundAdvice.invoke(AspectJAroundAdvice.java:71)
	at org.springframework.aop.framework.ReflectiveMethodInvocation.proceed(ReflectiveMethodInvocation.java:173)
	at org.springframework.aop.interceptor.ExposeInvocationInterceptor.invoke(ExposeInvocationInterceptor.java:97)
	at org.springframework.aop.framework.ReflectiveMethodInvocation.proceed(ReflectiveMethodInvocation.java:184)
	at org.springframework.aop.framework.CglibAopProxy$DynamicAdvisedInterceptor.intercept(CglibAopProxy.java:728)
	at com.itheima.controller.DeptController$$SpringCGLIB$$0.add(<generated>)
	at java.base/jdk.internal.reflect.DirectMethodHandleAccessor.invoke(DirectMethodHandleAccessor.java:103)
	at java.base/java.lang.reflect.Method.invoke(Method.java:580)
	at org.springframework.web.method.support.InvocableHandlerMethod.doInvoke(InvocableHandlerMethod.java:258)
	at org.springframework.web.method.support.InvocableHandlerMethod.invokeForRequest(InvocableHandlerMethod.java:191)
	at org.springframework.web.servlet.mvc.method.annotation.ServletInvocableHandlerMethod.invokeAndHandle(ServletInvocableHandlerMethod.java:118)
	at org.springframework.web.servlet.mvc.method.annotation.RequestMappingHandlerAdapter.invokeHandlerMethod(RequestMappingHandlerAdapter.java:986)
	at org.springframework.web.servlet.mvc.method.annotation.RequestMappingHandlerAdapter.handleInternal(RequestMappingHandlerAdapter.java:891)
	at org.springframework.web.servlet.mvc.method.AbstractHandlerMethodAdapter.handle(AbstractHandlerMethodAdapter.java:87)
	at org.springframework.web.servlet.DispatcherServlet.doDispatch(DispatcherServlet.java:1089)
	at org.springframework.web.servlet.DispatcherServlet.doService(DispatcherServlet.java:979)
	at org.springframework.web.servlet.FrameworkServlet.processRequest(FrameworkServlet.java:1014)
	at org.springframework.web.servlet.FrameworkServlet.doPost(FrameworkServlet.java:914)
	at jakarta.servlet.http.HttpServlet.service(HttpServlet.java:590)
	at org.springframework.web.servlet.FrameworkServlet.service(FrameworkServlet.java:885)
	at jakarta.servlet.http.HttpServlet.service(HttpServlet.java:658)
	at org.apache.catalina.core.ApplicationFilterChain.internalDoFilter(ApplicationFilterChain.java:195)
	at org.apache.catalina.core.ApplicationFilterChain.doFilter(ApplicationFilterChain.java:140)
	at org.apache.tomcat.websocket.server.WsFilter.doFilter(WsFilter.java:51)
	at org.apache.catalina.core.ApplicationFilterChain.internalDoFilter(ApplicationFilterChain.java:164)
	at org.apache.catalina.core.ApplicationFilterChain.doFilter(ApplicationFilterChain.java:140)
	at org.springframework.web.filter.RequestContextFilter.doFilterInternal(RequestContextFilter.java:100)
	at org.springframework.web.filter.OncePerRequestFilter.doFilter(OncePerRequestFilter.java:116)
	at org.apache.catalina.core.ApplicationFilterChain.internalDoFilter(ApplicationFilterChain.java:164)
	at org.apache.catalina.core.ApplicationFilterChain.doFilter(ApplicationFilterChain.java:140)
	at org.springframework.web.filter.FormContentFilter.doFilterInternal(FormContentFilter.java:93)
	at org.springframework.web.filter.OncePerRequestFilter.doFilter(OncePerRequestFilter.java:116)
	at org.apache.catalina.core.ApplicationFilterChain.internalDoFilter(ApplicationFilterChain.java:164)
	at org.apache.catalina.core.ApplicationFilterChain.doFilter(ApplicationFilterChain.java:140)
	at org.springframework.web.filter.CharacterEncodingFilter.doFilterInternal(CharacterEncodingFilter.java:201)
	at org.springframework.web.filter.OncePerRequestFilter.doFilter(OncePerRequestFilter.java:116)
	at org.apache.catalina.core.ApplicationFilterChain.internalDoFilter(ApplicationFilterChain.java:164)
	at org.apache.catalina.core.ApplicationFilterChain.doFilter(ApplicationFilterChain.java:140)
	at org.apache.catalina.core.StandardWrapperValve.invoke(StandardWrapperValve.java:167)
	at org.apache.catalina.core.StandardContextValve.invoke(StandardContextValve.java:90)
	at org.apache.catalina.authenticator.AuthenticatorBase.invoke(AuthenticatorBase.java:483)
	at org.apache.catalina.core.StandardHostValve.invoke(StandardHostValve.java:116)
	at org.apache.catalina.valves.ErrorReportValve.invoke(ErrorReportValve.java:93)
	at org.apache.catalina.core.StandardEngineValve.invoke(StandardEngineValve.java:74)
	at org.apache.catalina.connector.CoyoteAdapter.service(CoyoteAdapter.java:344)
	at org.apache.coyote.http11.Http11Processor.service(Http11Processor.java:398)
	at org.apache.coyote.AbstractProcessorLight.process(AbstractProcessorLight.java:63)
	at org.apache.coyote.AbstractProtocol$ConnectionHandler.process(AbstractProtocol.java:903)
	at org.apache.tomcat.util.net.NioEndpoint$SocketProcessor.doRun(NioEndpoint.java:1769)
	at org.apache.tomcat.util.net.SocketProcessorBase.run(SocketProcessorBase.java:52)
	at org.apache.tomcat.util.threads.ThreadPoolExecutor.runWorker(ThreadPoolExecutor.java:1189)
	at org.apache.tomcat.util.threads.ThreadPoolExecutor$Worker.run(ThreadPoolExecutor.java:658)
	at org.apache.tomcat.util.threads.TaskThread$WrappingRunnable.run(TaskThread.java:63)
	at java.base/java.lang.Thread.run(Thread.java:1583)
Caused by: java.sql.SQLIntegrityConstraintViolationException: Duplicate entry '研发三部' for key 'dept.name'
	at com.mysql.cj.jdbc.exceptions.SQLError.createSQLException(SQLError.java:109)
	at com.mysql.cj.jdbc.exceptions.SQLExceptionsMapping.translateException(SQLExceptionsMapping.java:114)
	at com.mysql.cj.jdbc.ClientPreparedStatement.executeInternal(ClientPreparedStatement.java:988)
	at com.mysql.cj.jdbc.ClientPreparedStatement.execute(ClientPreparedStatement.java:382)
	at com.zaxxer.hikari.pool.ProxyPreparedStatement.execute(ProxyPreparedStatement.java:44)
	at com.zaxxer.hikari.pool.HikariProxyPreparedStatement.execute(HikariProxyPreparedStatement.java)
	at java.base/jdk.internal.reflect.DirectMethodHandleAccessor.invoke(DirectMethodHandleAccessor.java:103)
	at java.base/java.lang.reflect.Method.invoke(Method.java:580)
	at org.apache.ibatis.logging.jdbc.PreparedStatementLogger.invoke(PreparedStatementLogger.java:58)
	at jdk.proxy3/jdk.proxy3.$Proxy98.execute(Unknown Source)
	at org.apache.ibatis.executor.statement.PreparedStatementHandler.update(PreparedStatementHandler.java:48)
	at org.apache.ibatis.executor.statement.RoutingStatementHandler.update(RoutingStatementHandler.java:75)
	at org.apache.ibatis.executor.SimpleExecutor.doUpdate(SimpleExecutor.java:50)
	at org.apache.ibatis.executor.BaseExecutor.update(BaseExecutor.java:117)
	at org.apache.ibatis.executor.CachingExecutor.update(CachingExecutor.java:76)
	at java.base/jdk.internal.reflect.DirectMethodHandleAccessor.invoke(DirectMethodHandleAccessor.java:103)
	at java.base/java.lang.reflect.Method.invoke(Method.java:580)
	at org.apache.ibatis.plugin.Plugin.invoke(Plugin.java:61)
	at jdk.proxy2/jdk.proxy2.$Proxy96.update(Unknown Source)
	at org.apache.ibatis.session.defaults.DefaultSqlSession.update(DefaultSqlSession.java:197)
	at org.apache.ibatis.session.defaults.DefaultSqlSession.insert(DefaultSqlSession.java:184)
	at java.base/jdk.internal.reflect.DirectMethodHandleAccessor.invoke(DirectMethodHandleAccessor.java:103)
	at java.base/java.lang.reflect.Method.invoke(Method.java:580)
	at org.mybatis.spring.SqlSessionTemplate$SqlSessionInterceptor.invoke(SqlSessionTemplate.java:333)
	... 73 common frames omitted
2025-08-11 15:42:04.773 [http-nio-8080-exec-9] INFO  com.itheima.controller.DeptController-添加部门：Dept(id=null, name=研发三部, createTime=null, updateTime=null)
2025-08-11 15:42:04.776 [http-nio-8080-exec-9] ERROR com.itheima.exception.GlobalExceptionHandler-程序出错啦~
org.springframework.dao.DuplicateKeyException: 
### Error updating database.  Cause: java.sql.SQLIntegrityConstraintViolationException: Duplicate entry '研发三部' for key 'dept.name'
### The error may exist in com/itheima/mapper/DeptMapper.java (best guess)
### The error may involve com.itheima.mapper.DeptMapper.insert-Inline
### The error occurred while setting parameters
### SQL: insert into dept(name, create_time, update_time) values(?, ?, ?)
### Cause: java.sql.SQLIntegrityConstraintViolationException: Duplicate entry '研发三部' for key 'dept.name'
; Duplicate entry '研发三部' for key 'dept.name'
	at org.springframework.jdbc.support.SQLErrorCodeSQLExceptionTranslator.doTranslate(SQLErrorCodeSQLExceptionTranslator.java:254)
	at org.springframework.jdbc.support.AbstractFallbackSQLExceptionTranslator.translate(AbstractFallbackSQLExceptionTranslator.java:107)
	at org.mybatis.spring.MyBatisExceptionTranslator.translateExceptionIfPossible(MyBatisExceptionTranslator.java:93)
	at org.mybatis.spring.SqlSessionTemplate$SqlSessionInterceptor.invoke(SqlSessionTemplate.java:347)
	at jdk.proxy2/jdk.proxy2.$Proxy68.insert(Unknown Source)
	at org.mybatis.spring.SqlSessionTemplate.insert(SqlSessionTemplate.java:224)
	at org.apache.ibatis.binding.MapperMethod.execute(MapperMethod.java:62)
	at org.apache.ibatis.binding.MapperProxy$PlainMethodInvoker.invoke(MapperProxy.java:141)
	at org.apache.ibatis.binding.MapperProxy.invoke(MapperProxy.java:86)
	at jdk.proxy2/jdk.proxy2.$Proxy80.insert(Unknown Source)
	at com.itheima.service.impl.DeptServiceImpl.add(DeptServiceImpl.java:40)
	at com.itheima.controller.DeptController.add(DeptController.java:75)
	at java.base/jdk.internal.reflect.DirectMethodHandleAccessor.invoke(DirectMethodHandleAccessor.java:103)
	at java.base/java.lang.reflect.Method.invoke(Method.java:580)
	at org.springframework.aop.support.AopUtils.invokeJoinpointUsingReflection(AopUtils.java:359)
	at org.springframework.aop.framework.ReflectiveMethodInvocation.invokeJoinpoint(ReflectiveMethodInvocation.java:196)
	at org.springframework.aop.framework.ReflectiveMethodInvocation.proceed(ReflectiveMethodInvocation.java:163)
	at org.springframework.aop.aspectj.MethodInvocationProceedingJoinPoint.proceed(MethodInvocationProceedingJoinPoint.java:89)
	at com.itheima.aop.OperationLogAspect.logOperation(OperationLogAspect.java:27)
	at java.base/jdk.internal.reflect.DirectMethodHandleAccessor.invoke(DirectMethodHandleAccessor.java:103)
	at java.base/java.lang.reflect.Method.invoke(Method.java:580)
	at org.springframework.aop.aspectj.AbstractAspectJAdvice.invokeAdviceMethodWithGivenArgs(AbstractAspectJAdvice.java:642)
	at org.springframework.aop.aspectj.AbstractAspectJAdvice.invokeAdviceMethod(AbstractAspectJAdvice.java:632)
	at org.springframework.aop.aspectj.AspectJAroundAdvice.invoke(AspectJAroundAdvice.java:71)
	at org.springframework.aop.framework.ReflectiveMethodInvocation.proceed(ReflectiveMethodInvocation.java:173)
	at org.springframework.aop.interceptor.ExposeInvocationInterceptor.invoke(ExposeInvocationInterceptor.java:97)
	at org.springframework.aop.framework.ReflectiveMethodInvocation.proceed(ReflectiveMethodInvocation.java:184)
	at org.springframework.aop.framework.CglibAopProxy$DynamicAdvisedInterceptor.intercept(CglibAopProxy.java:728)
	at com.itheima.controller.DeptController$$SpringCGLIB$$0.add(<generated>)
	at java.base/jdk.internal.reflect.DirectMethodHandleAccessor.invoke(DirectMethodHandleAccessor.java:103)
	at java.base/java.lang.reflect.Method.invoke(Method.java:580)
	at org.springframework.web.method.support.InvocableHandlerMethod.doInvoke(InvocableHandlerMethod.java:258)
	at org.springframework.web.method.support.InvocableHandlerMethod.invokeForRequest(InvocableHandlerMethod.java:191)
	at org.springframework.web.servlet.mvc.method.annotation.ServletInvocableHandlerMethod.invokeAndHandle(ServletInvocableHandlerMethod.java:118)
	at org.springframework.web.servlet.mvc.method.annotation.RequestMappingHandlerAdapter.invokeHandlerMethod(RequestMappingHandlerAdapter.java:986)
	at org.springframework.web.servlet.mvc.method.annotation.RequestMappingHandlerAdapter.handleInternal(RequestMappingHandlerAdapter.java:891)
	at org.springframework.web.servlet.mvc.method.AbstractHandlerMethodAdapter.handle(AbstractHandlerMethodAdapter.java:87)
	at org.springframework.web.servlet.DispatcherServlet.doDispatch(DispatcherServlet.java:1089)
	at org.springframework.web.servlet.DispatcherServlet.doService(DispatcherServlet.java:979)
	at org.springframework.web.servlet.FrameworkServlet.processRequest(FrameworkServlet.java:1014)
	at org.springframework.web.servlet.FrameworkServlet.doPost(FrameworkServlet.java:914)
	at jakarta.servlet.http.HttpServlet.service(HttpServlet.java:590)
	at org.springframework.web.servlet.FrameworkServlet.service(FrameworkServlet.java:885)
	at jakarta.servlet.http.HttpServlet.service(HttpServlet.java:658)
	at org.apache.catalina.core.ApplicationFilterChain.internalDoFilter(ApplicationFilterChain.java:195)
	at org.apache.catalina.core.ApplicationFilterChain.doFilter(ApplicationFilterChain.java:140)
	at org.apache.tomcat.websocket.server.WsFilter.doFilter(WsFilter.java:51)
	at org.apache.catalina.core.ApplicationFilterChain.internalDoFilter(ApplicationFilterChain.java:164)
	at org.apache.catalina.core.ApplicationFilterChain.doFilter(ApplicationFilterChain.java:140)
	at org.springframework.web.filter.RequestContextFilter.doFilterInternal(RequestContextFilter.java:100)
	at org.springframework.web.filter.OncePerRequestFilter.doFilter(OncePerRequestFilter.java:116)
	at org.apache.catalina.core.ApplicationFilterChain.internalDoFilter(ApplicationFilterChain.java:164)
	at org.apache.catalina.core.ApplicationFilterChain.doFilter(ApplicationFilterChain.java:140)
	at org.springframework.web.filter.FormContentFilter.doFilterInternal(FormContentFilter.java:93)
	at org.springframework.web.filter.OncePerRequestFilter.doFilter(OncePerRequestFilter.java:116)
	at org.apache.catalina.core.ApplicationFilterChain.internalDoFilter(ApplicationFilterChain.java:164)
	at org.apache.catalina.core.ApplicationFilterChain.doFilter(ApplicationFilterChain.java:140)
	at org.springframework.web.filter.CharacterEncodingFilter.doFilterInternal(CharacterEncodingFilter.java:201)
	at org.springframework.web.filter.OncePerRequestFilter.doFilter(OncePerRequestFilter.java:116)
	at org.apache.catalina.core.ApplicationFilterChain.internalDoFilter(ApplicationFilterChain.java:164)
	at org.apache.catalina.core.ApplicationFilterChain.doFilter(ApplicationFilterChain.java:140)
	at org.apache.catalina.core.StandardWrapperValve.invoke(StandardWrapperValve.java:167)
	at org.apache.catalina.core.StandardContextValve.invoke(StandardContextValve.java:90)
	at org.apache.catalina.authenticator.AuthenticatorBase.invoke(AuthenticatorBase.java:483)
	at org.apache.catalina.core.StandardHostValve.invoke(StandardHostValve.java:116)
	at org.apache.catalina.valves.ErrorReportValve.invoke(ErrorReportValve.java:93)
	at org.apache.catalina.core.StandardEngineValve.invoke(StandardEngineValve.java:74)
	at org.apache.catalina.connector.CoyoteAdapter.service(CoyoteAdapter.java:344)
	at org.apache.coyote.http11.Http11Processor.service(Http11Processor.java:398)
	at org.apache.coyote.AbstractProcessorLight.process(AbstractProcessorLight.java:63)
	at org.apache.coyote.AbstractProtocol$ConnectionHandler.process(AbstractProtocol.java:903)
	at org.apache.tomcat.util.net.NioEndpoint$SocketProcessor.doRun(NioEndpoint.java:1769)
	at org.apache.tomcat.util.net.SocketProcessorBase.run(SocketProcessorBase.java:52)
	at org.apache.tomcat.util.threads.ThreadPoolExecutor.runWorker(ThreadPoolExecutor.java:1189)
	at org.apache.tomcat.util.threads.ThreadPoolExecutor$Worker.run(ThreadPoolExecutor.java:658)
	at org.apache.tomcat.util.threads.TaskThread$WrappingRunnable.run(TaskThread.java:63)
	at java.base/java.lang.Thread.run(Thread.java:1583)
Caused by: java.sql.SQLIntegrityConstraintViolationException: Duplicate entry '研发三部' for key 'dept.name'
	at com.mysql.cj.jdbc.exceptions.SQLError.createSQLException(SQLError.java:109)
	at com.mysql.cj.jdbc.exceptions.SQLExceptionsMapping.translateException(SQLExceptionsMapping.java:114)
	at com.mysql.cj.jdbc.ClientPreparedStatement.executeInternal(ClientPreparedStatement.java:988)
	at com.mysql.cj.jdbc.ClientPreparedStatement.execute(ClientPreparedStatement.java:382)
	at com.zaxxer.hikari.pool.ProxyPreparedStatement.execute(ProxyPreparedStatement.java:44)
	at com.zaxxer.hikari.pool.HikariProxyPreparedStatement.execute(HikariProxyPreparedStatement.java)
	at java.base/jdk.internal.reflect.DirectMethodHandleAccessor.invoke(DirectMethodHandleAccessor.java:103)
	at java.base/java.lang.reflect.Method.invoke(Method.java:580)
	at org.apache.ibatis.logging.jdbc.PreparedStatementLogger.invoke(PreparedStatementLogger.java:58)
	at jdk.proxy3/jdk.proxy3.$Proxy98.execute(Unknown Source)
	at org.apache.ibatis.executor.statement.PreparedStatementHandler.update(PreparedStatementHandler.java:48)
	at org.apache.ibatis.executor.statement.RoutingStatementHandler.update(RoutingStatementHandler.java:75)
	at org.apache.ibatis.executor.SimpleExecutor.doUpdate(SimpleExecutor.java:50)
	at org.apache.ibatis.executor.BaseExecutor.update(BaseExecutor.java:117)
	at org.apache.ibatis.executor.CachingExecutor.update(CachingExecutor.java:76)
	at java.base/jdk.internal.reflect.DirectMethodHandleAccessor.invoke(DirectMethodHandleAccessor.java:103)
	at java.base/java.lang.reflect.Method.invoke(Method.java:580)
	at org.apache.ibatis.plugin.Plugin.invoke(Plugin.java:61)
	at jdk.proxy2/jdk.proxy2.$Proxy96.update(Unknown Source)
	at org.apache.ibatis.session.defaults.DefaultSqlSession.update(DefaultSqlSession.java:197)
	at org.apache.ibatis.session.defaults.DefaultSqlSession.insert(DefaultSqlSession.java:184)
	at java.base/jdk.internal.reflect.DirectMethodHandleAccessor.invoke(DirectMethodHandleAccessor.java:103)
	at java.base/java.lang.reflect.Method.invoke(Method.java:580)
	at org.mybatis.spring.SqlSessionTemplate$SqlSessionInterceptor.invoke(SqlSessionTemplate.java:333)
	... 73 common frames omitted
2025-08-11 15:42:49.222 [http-nio-8080-exec-10] INFO  com.itheima.controller.DeptController-查询全部部门数据
2025-08-11 15:42:50.308 [http-nio-8080-exec-2] INFO  com.itheima.controller.DeptController-查询全部部门数据
2025-08-11 15:43:09.513 [http-nio-8080-exec-1] INFO  com.itheima.controller.DeptController-添加部门：Dept(id=null, name=123, createTime=null, updateTime=null)
2025-08-11 15:43:09.517 [http-nio-8080-exec-1] INFO  com.itheima.aop.OperationLogAspect-记录操作日志：OperateLog(id=null, operateEmpId=null, operateTime=2025-08-11T15:43:09.517903300, className=com.itheima.controller.DeptController, methodName=add, methodParams=[Dept(id=null, name=123, createTime=2025-08-11T15:43:09.513910, updateTime=2025-08-11T15:43:09.513910)], returnValue=Result(code=1, msg=success, data=null), costTime=4, operateEmpName=null)
2025-08-11 15:43:09.529 [http-nio-8080-exec-3] INFO  com.itheima.controller.DeptController-查询全部部门数据
2025-08-11 15:43:41.180 [http-nio-8080-exec-4] INFO  com.itheima.controller.DeptController-添加部门：Dept(id=null, name=2, createTime=null, updateTime=null)
2025-08-11 15:43:41.191 [http-nio-8080-exec-4] INFO  com.itheima.aop.OperationLogAspect-记录操作日志：OperateLog(id=null, operateEmpId=null, operateTime=2025-08-11T15:43:41.191603100, className=com.itheima.controller.DeptController, methodName=add, methodParams=[Dept(id=null, name=2, createTime=2025-08-11T15:43:41.180701500, updateTime=2025-08-11T15:43:41.180701500)], returnValue=Result(code=1, msg=success, data=null), costTime=11, operateEmpName=null)
2025-08-11 15:43:41.198 [http-nio-8080-exec-5] INFO  com.itheima.controller.DeptController-查询全部部门数据
2025-08-11 16:09:04.197 [http-nio-8080-exec-6] INFO  com.itheima.controller.DeptController-查询全部部门数据
2025-08-11 16:09:19.222 [SpringApplicationShutdownHook] INFO  o.s.boot.web.embedded.tomcat.GracefulShutdown-Commencing graceful shutdown. Waiting for active requests to complete
2025-08-11 16:09:19.227 [tomcat-shutdown] INFO  o.s.boot.web.embedded.tomcat.GracefulShutdown-Graceful shutdown complete
2025-08-11 16:09:19.230 [SpringApplicationShutdownHook] INFO  com.zaxxer.hikari.HikariDataSource-HikariPool-1 - Shutdown initiated...
2025-08-11 16:09:19.233 [SpringApplicationShutdownHook] INFO  com.zaxxer.hikari.HikariDataSource-HikariPool-1 - Shutdown completed.
2025-08-11 16:09:28.607 [main] INFO  com.itheima.TliasWebManagementApplication-Starting TliasWebManagementApplication using Java 21.0.7 with PID 24268 (E:\Xiaoming\Java\JavaWeb\Code\web-ai-project02\tlias-web-management\target\classes started by 麻效铭 in E:\Xiaoming\Java\JavaWeb\Code\web-ai-project02)
2025-08-11 16:09:28.609 [main] INFO  com.itheima.TliasWebManagementApplication-No active profile set, falling back to 1 default profile: "default"
2025-08-11 16:09:29.327 [main] INFO  o.s.boot.web.embedded.tomcat.TomcatWebServer-Tomcat initialized with port 8080 (http)
2025-08-11 16:09:29.335 [main] INFO  org.apache.coyote.http11.Http11NioProtocol-Initializing ProtocolHandler ["http-nio-8080"]
2025-08-11 16:09:29.336 [main] INFO  org.apache.catalina.core.StandardService-Starting service [Tomcat]
2025-08-11 16:09:29.336 [main] INFO  org.apache.catalina.core.StandardEngine-Starting Servlet engine: [Apache Tomcat/10.1.42]
2025-08-11 16:09:29.372 [main] INFO  o.a.c.core.ContainerBase.[Tomcat].[localhost].[/]-Initializing Spring embedded WebApplicationContext
2025-08-11 16:09:29.373 [main] INFO  o.s.b.w.s.c.ServletWebServerApplicationContext-Root WebApplicationContext: initialization completed in 733 ms
2025-08-11 16:09:29.863 [main] INFO  org.apache.coyote.http11.Http11NioProtocol-Starting ProtocolHandler ["http-nio-8080"]
2025-08-11 16:09:29.875 [main] INFO  o.s.boot.web.embedded.tomcat.TomcatWebServer-Tomcat started on port 8080 (http) with context path '/'
2025-08-11 16:09:29.879 [main] INFO  com.itheima.TliasWebManagementApplication-Started TliasWebManagementApplication in 1.49 seconds (process running for 2.025)
2025-08-11 16:09:35.791 [http-nio-8080-exec-1] INFO  o.a.c.core.ContainerBase.[Tomcat].[localhost].[/]-Initializing Spring DispatcherServlet 'dispatcherServlet'
2025-08-11 16:09:35.792 [http-nio-8080-exec-1] INFO  org.springframework.web.servlet.DispatcherServlet-Initializing Servlet 'dispatcherServlet'
2025-08-11 16:09:35.792 [http-nio-8080-exec-1] INFO  org.springframework.web.servlet.DispatcherServlet-Completed initialization in 0 ms
2025-08-11 16:09:35.810 [http-nio-8080-exec-1] INFO  com.itheima.controller.DeptController-查询全部部门数据
2025-08-11 16:09:35.822 [http-nio-8080-exec-1] INFO  com.zaxxer.hikari.HikariDataSource-HikariPool-1 - Starting...
2025-08-11 16:09:36.022 [http-nio-8080-exec-1] INFO  com.zaxxer.hikari.pool.HikariPool-HikariPool-1 - Added connection com.mysql.cj.jdbc.ConnectionImpl@37dfcc55
2025-08-11 16:09:36.023 [http-nio-8080-exec-1] INFO  com.zaxxer.hikari.HikariDataSource-HikariPool-1 - Start completed.
2025-08-11 16:13:24.351 [http-nio-8080-exec-2] INFO  com.itheima.controller.DeptController-查询全部部门数据
2025-08-11 16:13:25.372 [http-nio-8080-exec-3] INFO  com.itheima.controller.DeptController-添加部门：Dept(id=null, name=, createTime=null, updateTime=null)
2025-08-11 16:13:25.381 [http-nio-8080-exec-3] INFO  com.itheima.aop.OperationLogAspect-记录操作日志：OperateLog(id=null, operateEmpId=null, operateTime=2025-08-11T16:13:25.381060, className=com.itheima.controller.DeptController, methodName=add, methodParams=[Dept(id=null, name=, createTime=2025-08-11T16:13:25.372052500, updateTime=2025-08-11T16:13:25.372052500)], returnValue=Result(code=1, msg=success, data=null), costTime=9, operateEmpName=null)
2025-08-11 16:13:25.394 [http-nio-8080-exec-8] INFO  com.itheima.controller.DeptController-查询全部部门数据
2025-08-11 16:13:50.770 [http-nio-8080-exec-5] INFO  com.itheima.controller.DeptController-添加部门：Dept(id=null, name=, createTime=null, updateTime=null)
2025-08-11 16:13:52.321 [http-nio-8080-exec-5] ERROR com.itheima.exception.GlobalExceptionHandler-程序出错啦~
org.springframework.dao.DuplicateKeyException: 
### Error updating database.  Cause: java.sql.SQLIntegrityConstraintViolationException: Duplicate entry '' for key 'dept.name'
### The error may exist in com/itheima/mapper/DeptMapper.java (best guess)
### The error may involve com.itheima.mapper.DeptMapper.insert-Inline
### The error occurred while setting parameters
### SQL: insert into dept(name, create_time, update_time) values(?, ?, ?)
### Cause: java.sql.SQLIntegrityConstraintViolationException: Duplicate entry '' for key 'dept.name'
; Duplicate entry '' for key 'dept.name'
	at org.springframework.jdbc.support.SQLErrorCodeSQLExceptionTranslator.doTranslate(SQLErrorCodeSQLExceptionTranslator.java:254)
	at org.springframework.jdbc.support.AbstractFallbackSQLExceptionTranslator.translate(AbstractFallbackSQLExceptionTranslator.java:107)
	at org.mybatis.spring.MyBatisExceptionTranslator.translateExceptionIfPossible(MyBatisExceptionTranslator.java:93)
	at org.mybatis.spring.SqlSessionTemplate$SqlSessionInterceptor.invoke(SqlSessionTemplate.java:347)
	at jdk.proxy2/jdk.proxy2.$Proxy68.insert(Unknown Source)
	at org.mybatis.spring.SqlSessionTemplate.insert(SqlSessionTemplate.java:224)
	at org.apache.ibatis.binding.MapperMethod.execute(MapperMethod.java:62)
	at org.apache.ibatis.binding.MapperProxy$PlainMethodInvoker.invoke(MapperProxy.java:141)
	at org.apache.ibatis.binding.MapperProxy.invoke(MapperProxy.java:86)
	at jdk.proxy2/jdk.proxy2.$Proxy80.insert(Unknown Source)
	at com.itheima.service.impl.DeptServiceImpl.add(DeptServiceImpl.java:40)
	at com.itheima.controller.DeptController.add(DeptController.java:75)
	at java.base/jdk.internal.reflect.DirectMethodHandleAccessor.invoke(DirectMethodHandleAccessor.java:103)
	at java.base/java.lang.reflect.Method.invoke(Method.java:580)
	at org.springframework.aop.support.AopUtils.invokeJoinpointUsingReflection(AopUtils.java:359)
	at org.springframework.aop.framework.ReflectiveMethodInvocation.invokeJoinpoint(ReflectiveMethodInvocation.java:196)
	at org.springframework.aop.framework.ReflectiveMethodInvocation.proceed(ReflectiveMethodInvocation.java:163)
	at org.springframework.aop.aspectj.MethodInvocationProceedingJoinPoint.proceed(MethodInvocationProceedingJoinPoint.java:89)
	at com.itheima.aop.OperationLogAspect.logOperation(OperationLogAspect.java:27)
	at java.base/jdk.internal.reflect.DirectMethodHandleAccessor.invoke(DirectMethodHandleAccessor.java:103)
	at java.base/java.lang.reflect.Method.invoke(Method.java:580)
	at org.springframework.aop.aspectj.AbstractAspectJAdvice.invokeAdviceMethodWithGivenArgs(AbstractAspectJAdvice.java:642)
	at org.springframework.aop.aspectj.AbstractAspectJAdvice.invokeAdviceMethod(AbstractAspectJAdvice.java:632)
	at org.springframework.aop.aspectj.AspectJAroundAdvice.invoke(AspectJAroundAdvice.java:71)
	at org.springframework.aop.framework.ReflectiveMethodInvocation.proceed(ReflectiveMethodInvocation.java:173)
	at org.springframework.aop.interceptor.ExposeInvocationInterceptor.invoke(ExposeInvocationInterceptor.java:97)
	at org.springframework.aop.framework.ReflectiveMethodInvocation.proceed(ReflectiveMethodInvocation.java:184)
	at org.springframework.aop.framework.CglibAopProxy$DynamicAdvisedInterceptor.intercept(CglibAopProxy.java:728)
	at com.itheima.controller.DeptController$$SpringCGLIB$$0.add(<generated>)
	at java.base/jdk.internal.reflect.DirectMethodHandleAccessor.invoke(DirectMethodHandleAccessor.java:103)
	at java.base/java.lang.reflect.Method.invoke(Method.java:580)
	at org.springframework.web.method.support.InvocableHandlerMethod.doInvoke(InvocableHandlerMethod.java:258)
	at org.springframework.web.method.support.InvocableHandlerMethod.invokeForRequest(InvocableHandlerMethod.java:191)
	at org.springframework.web.servlet.mvc.method.annotation.ServletInvocableHandlerMethod.invokeAndHandle(ServletInvocableHandlerMethod.java:118)
	at org.springframework.web.servlet.mvc.method.annotation.RequestMappingHandlerAdapter.invokeHandlerMethod(RequestMappingHandlerAdapter.java:986)
	at org.springframework.web.servlet.mvc.method.annotation.RequestMappingHandlerAdapter.handleInternal(RequestMappingHandlerAdapter.java:891)
	at org.springframework.web.servlet.mvc.method.AbstractHandlerMethodAdapter.handle(AbstractHandlerMethodAdapter.java:87)
	at org.springframework.web.servlet.DispatcherServlet.doDispatch(DispatcherServlet.java:1089)
	at org.springframework.web.servlet.DispatcherServlet.doService(DispatcherServlet.java:979)
	at org.springframework.web.servlet.FrameworkServlet.processRequest(FrameworkServlet.java:1014)
	at org.springframework.web.servlet.FrameworkServlet.doPost(FrameworkServlet.java:914)
	at jakarta.servlet.http.HttpServlet.service(HttpServlet.java:590)
	at org.springframework.web.servlet.FrameworkServlet.service(FrameworkServlet.java:885)
	at jakarta.servlet.http.HttpServlet.service(HttpServlet.java:658)
	at org.apache.catalina.core.ApplicationFilterChain.internalDoFilter(ApplicationFilterChain.java:195)
	at org.apache.catalina.core.ApplicationFilterChain.doFilter(ApplicationFilterChain.java:140)
	at org.apache.tomcat.websocket.server.WsFilter.doFilter(WsFilter.java:51)
	at org.apache.catalina.core.ApplicationFilterChain.internalDoFilter(ApplicationFilterChain.java:164)
	at org.apache.catalina.core.ApplicationFilterChain.doFilter(ApplicationFilterChain.java:140)
	at org.springframework.web.filter.RequestContextFilter.doFilterInternal(RequestContextFilter.java:100)
	at org.springframework.web.filter.OncePerRequestFilter.doFilter(OncePerRequestFilter.java:116)
	at org.apache.catalina.core.ApplicationFilterChain.internalDoFilter(ApplicationFilterChain.java:164)
	at org.apache.catalina.core.ApplicationFilterChain.doFilter(ApplicationFilterChain.java:140)
	at org.springframework.web.filter.FormContentFilter.doFilterInternal(FormContentFilter.java:93)
	at org.springframework.web.filter.OncePerRequestFilter.doFilter(OncePerRequestFilter.java:116)
	at org.apache.catalina.core.ApplicationFilterChain.internalDoFilter(ApplicationFilterChain.java:164)
	at org.apache.catalina.core.ApplicationFilterChain.doFilter(ApplicationFilterChain.java:140)
	at org.springframework.web.filter.CharacterEncodingFilter.doFilterInternal(CharacterEncodingFilter.java:201)
	at org.springframework.web.filter.OncePerRequestFilter.doFilter(OncePerRequestFilter.java:116)
	at org.apache.catalina.core.ApplicationFilterChain.internalDoFilter(ApplicationFilterChain.java:164)
	at org.apache.catalina.core.ApplicationFilterChain.doFilter(ApplicationFilterChain.java:140)
	at org.apache.catalina.core.StandardWrapperValve.invoke(StandardWrapperValve.java:167)
	at org.apache.catalina.core.StandardContextValve.invoke(StandardContextValve.java:90)
	at org.apache.catalina.authenticator.AuthenticatorBase.invoke(AuthenticatorBase.java:483)
	at org.apache.catalina.core.StandardHostValve.invoke(StandardHostValve.java:116)
	at org.apache.catalina.valves.ErrorReportValve.invoke(ErrorReportValve.java:93)
	at org.apache.catalina.core.StandardEngineValve.invoke(StandardEngineValve.java:74)
	at org.apache.catalina.connector.CoyoteAdapter.service(CoyoteAdapter.java:344)
	at org.apache.coyote.http11.Http11Processor.service(Http11Processor.java:398)
	at org.apache.coyote.AbstractProcessorLight.process(AbstractProcessorLight.java:63)
	at org.apache.coyote.AbstractProtocol$ConnectionHandler.process(AbstractProtocol.java:903)
	at org.apache.tomcat.util.net.NioEndpoint$SocketProcessor.doRun(NioEndpoint.java:1769)
	at org.apache.tomcat.util.net.SocketProcessorBase.run(SocketProcessorBase.java:52)
	at org.apache.tomcat.util.threads.ThreadPoolExecutor.runWorker(ThreadPoolExecutor.java:1189)
	at org.apache.tomcat.util.threads.ThreadPoolExecutor$Worker.run(ThreadPoolExecutor.java:658)
	at org.apache.tomcat.util.threads.TaskThread$WrappingRunnable.run(TaskThread.java:63)
	at java.base/java.lang.Thread.run(Thread.java:1583)
Caused by: java.sql.SQLIntegrityConstraintViolationException: Duplicate entry '' for key 'dept.name'
	at com.mysql.cj.jdbc.exceptions.SQLError.createSQLException(SQLError.java:109)
	at com.mysql.cj.jdbc.exceptions.SQLExceptionsMapping.translateException(SQLExceptionsMapping.java:114)
	at com.mysql.cj.jdbc.ClientPreparedStatement.executeInternal(ClientPreparedStatement.java:988)
	at com.mysql.cj.jdbc.ClientPreparedStatement.execute(ClientPreparedStatement.java:382)
	at com.zaxxer.hikari.pool.ProxyPreparedStatement.execute(ProxyPreparedStatement.java:44)
	at com.zaxxer.hikari.pool.HikariProxyPreparedStatement.execute(HikariProxyPreparedStatement.java)
	at java.base/jdk.internal.reflect.DirectMethodHandleAccessor.invoke(DirectMethodHandleAccessor.java:103)
	at java.base/java.lang.reflect.Method.invoke(Method.java:580)
	at org.apache.ibatis.logging.jdbc.PreparedStatementLogger.invoke(PreparedStatementLogger.java:58)
	at jdk.proxy3/jdk.proxy3.$Proxy98.execute(Unknown Source)
	at org.apache.ibatis.executor.statement.PreparedStatementHandler.update(PreparedStatementHandler.java:48)
	at org.apache.ibatis.executor.statement.RoutingStatementHandler.update(RoutingStatementHandler.java:75)
	at org.apache.ibatis.executor.SimpleExecutor.doUpdate(SimpleExecutor.java:50)
	at org.apache.ibatis.executor.BaseExecutor.update(BaseExecutor.java:117)
	at org.apache.ibatis.executor.CachingExecutor.update(CachingExecutor.java:76)
	at java.base/jdk.internal.reflect.DirectMethodHandleAccessor.invoke(DirectMethodHandleAccessor.java:103)
	at java.base/java.lang.reflect.Method.invoke(Method.java:580)
	at org.apache.ibatis.plugin.Plugin.invoke(Plugin.java:61)
	at jdk.proxy2/jdk.proxy2.$Proxy96.update(Unknown Source)
	at org.apache.ibatis.session.defaults.DefaultSqlSession.update(DefaultSqlSession.java:197)
	at org.apache.ibatis.session.defaults.DefaultSqlSession.insert(DefaultSqlSession.java:184)
	at java.base/jdk.internal.reflect.DirectMethodHandleAccessor.invoke(DirectMethodHandleAccessor.java:103)
	at java.base/java.lang.reflect.Method.invoke(Method.java:580)
	at org.mybatis.spring.SqlSessionTemplate$SqlSessionInterceptor.invoke(SqlSessionTemplate.java:333)
	... 73 common frames omitted
2025-08-11 16:13:56.960 [http-nio-8080-exec-6] INFO  com.itheima.controller.DeptController-添加部门：Dept(id=null, name=1, createTime=null, updateTime=null)
2025-08-11 16:13:56.970 [http-nio-8080-exec-6] INFO  com.itheima.aop.OperationLogAspect-记录操作日志：OperateLog(id=null, operateEmpId=null, operateTime=2025-08-11T16:13:56.970016800, className=com.itheima.controller.DeptController, methodName=add, methodParams=[Dept(id=null, name=1, createTime=2025-08-11T16:13:56.960707900, updateTime=2025-08-11T16:13:56.960707900)], returnValue=Result(code=1, msg=success, data=null), costTime=10, operateEmpName=null)
2025-08-11 16:13:56.986 [http-nio-8080-exec-7] INFO  com.itheima.controller.DeptController-查询全部部门数据
2025-08-11 16:14:28.644 [http-nio-8080-exec-4] INFO  com.itheima.controller.DeptController-添加部门：Dept(id=null, name=1234444444444444444, createTime=null, updateTime=null)
2025-08-11 16:14:28.656 [http-nio-8080-exec-4] ERROR com.itheima.exception.GlobalExceptionHandler-程序出错啦~
org.springframework.dao.DataIntegrityViolationException: 
### Error updating database.  Cause: com.mysql.cj.jdbc.exceptions.MysqlDataTruncation: Data truncation: Data too long for column 'name' at row 1
### The error may exist in com/itheima/mapper/DeptMapper.java (best guess)
### The error may involve com.itheima.mapper.DeptMapper.insert-Inline
### The error occurred while setting parameters
### SQL: insert into dept(name, create_time, update_time) values(?, ?, ?)
### Cause: com.mysql.cj.jdbc.exceptions.MysqlDataTruncation: Data truncation: Data too long for column 'name' at row 1
; Data truncation: Data too long for column 'name' at row 1
	at org.springframework.jdbc.support.SQLStateSQLExceptionTranslator.doTranslate(SQLStateSQLExceptionTranslator.java:118)
	at org.springframework.jdbc.support.AbstractFallbackSQLExceptionTranslator.translate(AbstractFallbackSQLExceptionTranslator.java:107)
	at org.springframework.jdbc.support.AbstractFallbackSQLExceptionTranslator.translate(AbstractFallbackSQLExceptionTranslator.java:116)
	at org.springframework.jdbc.support.AbstractFallbackSQLExceptionTranslator.translate(AbstractFallbackSQLExceptionTranslator.java:116)
	at org.mybatis.spring.MyBatisExceptionTranslator.translateExceptionIfPossible(MyBatisExceptionTranslator.java:93)
	at org.mybatis.spring.SqlSessionTemplate$SqlSessionInterceptor.invoke(SqlSessionTemplate.java:347)
	at jdk.proxy2/jdk.proxy2.$Proxy68.insert(Unknown Source)
	at org.mybatis.spring.SqlSessionTemplate.insert(SqlSessionTemplate.java:224)
	at org.apache.ibatis.binding.MapperMethod.execute(MapperMethod.java:62)
	at org.apache.ibatis.binding.MapperProxy$PlainMethodInvoker.invoke(MapperProxy.java:141)
	at org.apache.ibatis.binding.MapperProxy.invoke(MapperProxy.java:86)
	at jdk.proxy2/jdk.proxy2.$Proxy80.insert(Unknown Source)
	at com.itheima.service.impl.DeptServiceImpl.add(DeptServiceImpl.java:40)
	at com.itheima.controller.DeptController.add(DeptController.java:75)
	at java.base/jdk.internal.reflect.DirectMethodHandleAccessor.invoke(DirectMethodHandleAccessor.java:103)
	at java.base/java.lang.reflect.Method.invoke(Method.java:580)
	at org.springframework.aop.support.AopUtils.invokeJoinpointUsingReflection(AopUtils.java:359)
	at org.springframework.aop.framework.ReflectiveMethodInvocation.invokeJoinpoint(ReflectiveMethodInvocation.java:196)
	at org.springframework.aop.framework.ReflectiveMethodInvocation.proceed(ReflectiveMethodInvocation.java:163)
	at org.springframework.aop.aspectj.MethodInvocationProceedingJoinPoint.proceed(MethodInvocationProceedingJoinPoint.java:89)
	at com.itheima.aop.OperationLogAspect.logOperation(OperationLogAspect.java:27)
	at java.base/jdk.internal.reflect.DirectMethodHandleAccessor.invoke(DirectMethodHandleAccessor.java:103)
	at java.base/java.lang.reflect.Method.invoke(Method.java:580)
	at org.springframework.aop.aspectj.AbstractAspectJAdvice.invokeAdviceMethodWithGivenArgs(AbstractAspectJAdvice.java:642)
	at org.springframework.aop.aspectj.AbstractAspectJAdvice.invokeAdviceMethod(AbstractAspectJAdvice.java:632)
	at org.springframework.aop.aspectj.AspectJAroundAdvice.invoke(AspectJAroundAdvice.java:71)
	at org.springframework.aop.framework.ReflectiveMethodInvocation.proceed(ReflectiveMethodInvocation.java:173)
	at org.springframework.aop.interceptor.ExposeInvocationInterceptor.invoke(ExposeInvocationInterceptor.java:97)
	at org.springframework.aop.framework.ReflectiveMethodInvocation.proceed(ReflectiveMethodInvocation.java:184)
	at org.springframework.aop.framework.CglibAopProxy$DynamicAdvisedInterceptor.intercept(CglibAopProxy.java:728)
	at com.itheima.controller.DeptController$$SpringCGLIB$$0.add(<generated>)
	at java.base/jdk.internal.reflect.DirectMethodHandleAccessor.invoke(DirectMethodHandleAccessor.java:103)
	at java.base/java.lang.reflect.Method.invoke(Method.java:580)
	at org.springframework.web.method.support.InvocableHandlerMethod.doInvoke(InvocableHandlerMethod.java:258)
	at org.springframework.web.method.support.InvocableHandlerMethod.invokeForRequest(InvocableHandlerMethod.java:191)
	at org.springframework.web.servlet.mvc.method.annotation.ServletInvocableHandlerMethod.invokeAndHandle(ServletInvocableHandlerMethod.java:118)
	at org.springframework.web.servlet.mvc.method.annotation.RequestMappingHandlerAdapter.invokeHandlerMethod(RequestMappingHandlerAdapter.java:986)
	at org.springframework.web.servlet.mvc.method.annotation.RequestMappingHandlerAdapter.handleInternal(RequestMappingHandlerAdapter.java:891)
	at org.springframework.web.servlet.mvc.method.AbstractHandlerMethodAdapter.handle(AbstractHandlerMethodAdapter.java:87)
	at org.springframework.web.servlet.DispatcherServlet.doDispatch(DispatcherServlet.java:1089)
	at org.springframework.web.servlet.DispatcherServlet.doService(DispatcherServlet.java:979)
	at org.springframework.web.servlet.FrameworkServlet.processRequest(FrameworkServlet.java:1014)
	at org.springframework.web.servlet.FrameworkServlet.doPost(FrameworkServlet.java:914)
	at jakarta.servlet.http.HttpServlet.service(HttpServlet.java:590)
	at org.springframework.web.servlet.FrameworkServlet.service(FrameworkServlet.java:885)
	at jakarta.servlet.http.HttpServlet.service(HttpServlet.java:658)
	at org.apache.catalina.core.ApplicationFilterChain.internalDoFilter(ApplicationFilterChain.java:195)
	at org.apache.catalina.core.ApplicationFilterChain.doFilter(ApplicationFilterChain.java:140)
	at org.apache.tomcat.websocket.server.WsFilter.doFilter(WsFilter.java:51)
	at org.apache.catalina.core.ApplicationFilterChain.internalDoFilter(ApplicationFilterChain.java:164)
	at org.apache.catalina.core.ApplicationFilterChain.doFilter(ApplicationFilterChain.java:140)
	at org.springframework.web.filter.RequestContextFilter.doFilterInternal(RequestContextFilter.java:100)
	at org.springframework.web.filter.OncePerRequestFilter.doFilter(OncePerRequestFilter.java:116)
	at org.apache.catalina.core.ApplicationFilterChain.internalDoFilter(ApplicationFilterChain.java:164)
	at org.apache.catalina.core.ApplicationFilterChain.doFilter(ApplicationFilterChain.java:140)
	at org.springframework.web.filter.FormContentFilter.doFilterInternal(FormContentFilter.java:93)
	at org.springframework.web.filter.OncePerRequestFilter.doFilter(OncePerRequestFilter.java:116)
	at org.apache.catalina.core.ApplicationFilterChain.internalDoFilter(ApplicationFilterChain.java:164)
	at org.apache.catalina.core.ApplicationFilterChain.doFilter(ApplicationFilterChain.java:140)
	at org.springframework.web.filter.CharacterEncodingFilter.doFilterInternal(CharacterEncodingFilter.java:201)
	at org.springframework.web.filter.OncePerRequestFilter.doFilter(OncePerRequestFilter.java:116)
	at org.apache.catalina.core.ApplicationFilterChain.internalDoFilter(ApplicationFilterChain.java:164)
	at org.apache.catalina.core.ApplicationFilterChain.doFilter(ApplicationFilterChain.java:140)
	at org.apache.catalina.core.StandardWrapperValve.invoke(StandardWrapperValve.java:167)
	at org.apache.catalina.core.StandardContextValve.invoke(StandardContextValve.java:90)
	at org.apache.catalina.authenticator.AuthenticatorBase.invoke(AuthenticatorBase.java:483)
	at org.apache.catalina.core.StandardHostValve.invoke(StandardHostValve.java:116)
	at org.apache.catalina.valves.ErrorReportValve.invoke(ErrorReportValve.java:93)
	at org.apache.catalina.core.StandardEngineValve.invoke(StandardEngineValve.java:74)
	at org.apache.catalina.connector.CoyoteAdapter.service(CoyoteAdapter.java:344)
	at org.apache.coyote.http11.Http11Processor.service(Http11Processor.java:398)
	at org.apache.coyote.AbstractProcessorLight.process(AbstractProcessorLight.java:63)
	at org.apache.coyote.AbstractProtocol$ConnectionHandler.process(AbstractProtocol.java:903)
	at org.apache.tomcat.util.net.NioEndpoint$SocketProcessor.doRun(NioEndpoint.java:1769)
	at org.apache.tomcat.util.net.SocketProcessorBase.run(SocketProcessorBase.java:52)
	at org.apache.tomcat.util.threads.ThreadPoolExecutor.runWorker(ThreadPoolExecutor.java:1189)
	at org.apache.tomcat.util.threads.ThreadPoolExecutor$Worker.run(ThreadPoolExecutor.java:658)
	at org.apache.tomcat.util.threads.TaskThread$WrappingRunnable.run(TaskThread.java:63)
	at java.base/java.lang.Thread.run(Thread.java:1583)
Caused by: com.mysql.cj.jdbc.exceptions.MysqlDataTruncation: Data truncation: Data too long for column 'name' at row 1
	at com.mysql.cj.jdbc.exceptions.SQLExceptionsMapping.translateException(SQLExceptionsMapping.java:96)
	at com.mysql.cj.jdbc.ClientPreparedStatement.executeInternal(ClientPreparedStatement.java:988)
	at com.mysql.cj.jdbc.ClientPreparedStatement.execute(ClientPreparedStatement.java:382)
	at com.zaxxer.hikari.pool.ProxyPreparedStatement.execute(ProxyPreparedStatement.java:44)
	at com.zaxxer.hikari.pool.HikariProxyPreparedStatement.execute(HikariProxyPreparedStatement.java)
	at java.base/jdk.internal.reflect.DirectMethodHandleAccessor.invoke(DirectMethodHandleAccessor.java:103)
	at java.base/java.lang.reflect.Method.invoke(Method.java:580)
	at org.apache.ibatis.logging.jdbc.PreparedStatementLogger.invoke(PreparedStatementLogger.java:58)
	at jdk.proxy3/jdk.proxy3.$Proxy98.execute(Unknown Source)
	at org.apache.ibatis.executor.statement.PreparedStatementHandler.update(PreparedStatementHandler.java:48)
	at org.apache.ibatis.executor.statement.RoutingStatementHandler.update(RoutingStatementHandler.java:75)
	at org.apache.ibatis.executor.SimpleExecutor.doUpdate(SimpleExecutor.java:50)
	at org.apache.ibatis.executor.BaseExecutor.update(BaseExecutor.java:117)
	at org.apache.ibatis.executor.CachingExecutor.update(CachingExecutor.java:76)
	at java.base/jdk.internal.reflect.DirectMethodHandleAccessor.invoke(DirectMethodHandleAccessor.java:103)
	at java.base/java.lang.reflect.Method.invoke(Method.java:580)
	at org.apache.ibatis.plugin.Plugin.invoke(Plugin.java:61)
	at jdk.proxy2/jdk.proxy2.$Proxy96.update(Unknown Source)
	at org.apache.ibatis.session.defaults.DefaultSqlSession.update(DefaultSqlSession.java:197)
	at org.apache.ibatis.session.defaults.DefaultSqlSession.insert(DefaultSqlSession.java:184)
	at java.base/jdk.internal.reflect.DirectMethodHandleAccessor.invoke(DirectMethodHandleAccessor.java:103)
	at java.base/java.lang.reflect.Method.invoke(Method.java:580)
	at org.mybatis.spring.SqlSessionTemplate$SqlSessionInterceptor.invoke(SqlSessionTemplate.java:333)
	... 73 common frames omitted
2025-08-11 16:14:31.916 [http-nio-8080-exec-9] INFO  com.itheima.controller.DeptController-添加部门：Dept(id=null, name=123422, createTime=null, updateTime=null)
2025-08-11 16:14:31.928 [http-nio-8080-exec-9] INFO  com.itheima.aop.OperationLogAspect-记录操作日志：OperateLog(id=null, operateEmpId=null, operateTime=2025-08-11T16:14:31.928412800, className=com.itheima.controller.DeptController, methodName=add, methodParams=[Dept(id=null, name=123422, createTime=2025-08-11T16:14:31.916354400, updateTime=2025-08-11T16:14:31.916354400)], returnValue=Result(code=1, msg=success, data=null), costTime=12, operateEmpName=null)
2025-08-11 16:14:31.942 [http-nio-8080-exec-10] INFO  com.itheima.controller.DeptController-查询全部部门数据
2025-08-11 16:19:28.377 [http-nio-8080-exec-1] INFO  com.itheima.controller.DeptController-查询全部部门数据
2025-08-11 16:21:53.132 [http-nio-8080-exec-2] INFO  com.itheima.controller.DeptController-查询全部部门数据
2025-08-11 16:25:02.238 [http-nio-8080-exec-3] INFO  com.itheima.controller.DeptController-查询全部部门数据
2025-08-11 16:28:27.362 [http-nio-8080-exec-8] INFO  com.itheima.controller.DeptController-查询全部部门数据
2025-08-11 16:29:44.615 [http-nio-8080-exec-5] INFO  com.itheima.controller.DeptController-查询全部部门数据
2025-08-11 16:29:53.139 [http-nio-8080-exec-6] INFO  com.itheima.controller.DeptController-添加部门：Dept(id=null, name=6666, createTime=null, updateTime=null)
2025-08-11 16:29:53.145 [http-nio-8080-exec-6] INFO  com.itheima.aop.OperationLogAspect-记录操作日志：OperateLog(id=null, operateEmpId=null, operateTime=2025-08-11T16:29:53.145528200, className=com.itheima.controller.DeptController, methodName=add, methodParams=[Dept(id=null, name=6666, createTime=2025-08-11T16:29:53.139575, updateTime=2025-08-11T16:29:53.139575)], returnValue=Result(code=1, msg=success, data=null), costTime=6, operateEmpName=null)
2025-08-11 16:29:53.154 [http-nio-8080-exec-7] INFO  com.itheima.controller.DeptController-查询全部部门数据
2025-08-11 16:30:18.590 [http-nio-8080-exec-4] INFO  com.itheima.controller.DeptController-添加部门：Dept(id=null, name=6666888, createTime=null, updateTime=null)
2025-08-11 16:30:18.595 [http-nio-8080-exec-4] INFO  com.itheima.aop.OperationLogAspect-记录操作日志：OperateLog(id=null, operateEmpId=null, operateTime=2025-08-11T16:30:18.595490600, className=com.itheima.controller.DeptController, methodName=add, methodParams=[Dept(id=null, name=6666888, createTime=2025-08-11T16:30:18.590534900, updateTime=2025-08-11T16:30:18.590534900)], returnValue=Result(code=1, msg=success, data=null), costTime=5, operateEmpName=null)
2025-08-11 16:30:18.605 [http-nio-8080-exec-9] INFO  com.itheima.controller.DeptController-查询全部部门数据
2025-08-11 16:31:25.830 [http-nio-8080-exec-10] INFO  com.itheima.controller.DeptController-查询全部部门数据
2025-08-11 16:31:59.599 [http-nio-8080-exec-1] INFO  com.itheima.controller.DeptController-查询全部部门数据
2025-08-11 16:33:50.960 [http-nio-8080-exec-2] INFO  com.itheima.controller.DeptController-查询全部部门数据
2025-08-11 16:33:57.746 [http-nio-8080-exec-3] INFO  com.itheima.controller.DeptController-查询全部部门数据
2025-08-11 16:40:25.385 [http-nio-8080-exec-8] INFO  com.itheima.controller.DeptController-查询全部部门数据
2025-08-11 16:41:18.851 [http-nio-8080-exec-5] INFO  com.itheima.controller.DeptController-查询全部部门数据
2025-08-11 16:41:55.995 [http-nio-8080-exec-6] INFO  com.itheima.controller.DeptController-查询全部部门数据
2025-08-11 16:45:50.721 [http-nio-8080-exec-7] INFO  com.itheima.controller.DeptController-查询全部部门数据
2025-08-11 16:45:52.781 [http-nio-8080-exec-4] INFO  com.itheima.controller.DeptController-查询全部部门数据
2025-08-11 16:45:53.568 [http-nio-8080-exec-9] INFO  com.itheima.controller.DeptController-根据ID查询部门：37
2025-08-11 16:45:55.121 [http-nio-8080-exec-10] INFO  com.itheima.controller.DeptController-根据ID查询部门：36
2025-08-11 16:45:56.447 [http-nio-8080-exec-1] INFO  com.itheima.controller.DeptController-根据ID查询部门：35
2025-08-11 16:45:58.968 [http-nio-8080-exec-2] INFO  com.itheima.controller.DeptController-根据ID查询部门：37
2025-08-11 16:46:02.809 [http-nio-8080-exec-3] INFO  com.itheima.controller.DeptController-根据ID查询部门：37
2025-08-11 16:46:05.536 [http-nio-8080-exec-8] INFO  com.itheima.controller.DeptController-根据ID查询部门：36
2025-08-11 16:46:50.766 [http-nio-8080-exec-5] INFO  com.itheima.controller.DeptController-查询全部部门数据
2025-08-11 16:46:53.098 [http-nio-8080-exec-6] INFO  com.itheima.controller.DeptController-查询全部部门数据
2025-08-11 16:46:54.864 [http-nio-8080-exec-7] INFO  com.itheima.controller.DeptController-根据ID查询部门：37
2025-08-11 16:46:56.887 [http-nio-8080-exec-4] INFO  com.itheima.controller.DeptController-根据ID查询部门：35
2025-08-11 16:46:58.160 [http-nio-8080-exec-9] INFO  com.itheima.controller.DeptController-根据ID查询部门：34
2025-08-11 16:47:04.097 [http-nio-8080-exec-10] INFO  com.itheima.controller.DeptController-根据ID查询部门：35
2025-08-11 16:47:10.784 [http-nio-8080-exec-1] INFO  com.itheima.controller.DeptController-根据ID查询部门：35
2025-08-11 16:47:16.528 [http-nio-8080-exec-2] INFO  com.itheima.controller.DeptController-根据ID查询部门：36
2025-08-11 16:47:40.420 [http-nio-8080-exec-3] INFO  com.itheima.controller.DeptController-查询全部部门数据
2025-08-11 16:47:42.365 [http-nio-8080-exec-8] INFO  com.itheima.controller.DeptController-查询全部部门数据
2025-08-11 16:47:44.674 [http-nio-8080-exec-5] INFO  com.itheima.controller.DeptController-查询全部部门数据
2025-08-11 16:47:45.298 [http-nio-8080-exec-6] INFO  com.itheima.controller.DeptController-根据ID查询部门：37
2025-08-11 16:47:48.378 [http-nio-8080-exec-7] INFO  com.itheima.controller.DeptController-根据ID查询部门：37
2025-08-11 16:47:50.310 [http-nio-8080-exec-4] INFO  com.itheima.controller.DeptController-根据ID查询部门：36
2025-08-11 16:47:53.557 [http-nio-8080-exec-9] INFO  com.itheima.controller.DeptController-根据ID查询部门：35
2025-08-11 16:47:55.237 [http-nio-8080-exec-10] INFO  com.itheima.controller.DeptController-根据ID查询部门：36
2025-08-11 16:48:25.219 [http-nio-8080-exec-1] INFO  com.itheima.controller.DeptController-查询全部部门数据
2025-08-11 16:48:41.721 [http-nio-8080-exec-2] INFO  com.itheima.controller.DeptController-查询全部部门数据
2025-08-11 16:49:00.382 [http-nio-8080-exec-3] INFO  com.itheima.controller.DeptController-查询全部部门数据
2025-08-11 16:49:05.690 [http-nio-8080-exec-8] INFO  com.itheima.controller.DeptController-查询全部部门数据
2025-08-11 16:49:53.414 [http-nio-8080-exec-5] INFO  com.itheima.controller.DeptController-查询全部部门数据
2025-08-11 16:50:09.292 [http-nio-8080-exec-6] INFO  com.itheima.controller.DeptController-查询全部部门数据
2025-08-11 16:50:10.380 [http-nio-8080-exec-7] INFO  com.itheima.controller.DeptController-根据ID查询部门：37
2025-08-11 16:50:13.108 [http-nio-8080-exec-4] INFO  com.itheima.controller.DeptController-根据ID查询部门：36
2025-08-11 16:50:15.071 [http-nio-8080-exec-9] INFO  com.itheima.controller.DeptController-根据ID查询部门：34
2025-08-11 16:50:16.587 [http-nio-8080-exec-10] INFO  com.itheima.controller.DeptController-根据ID查询部门：35
2025-08-11 16:50:18.911 [http-nio-8080-exec-1] INFO  com.itheima.controller.DeptController-根据ID查询部门：35
2025-08-11 16:50:21.380 [http-nio-8080-exec-2] INFO  com.itheima.controller.DeptController-根据ID查询部门：34
2025-08-11 16:50:21.974 [http-nio-8080-exec-3] INFO  com.itheima.controller.DeptController-根据ID查询部门：35
2025-08-11 16:51:36.551 [http-nio-8080-exec-8] INFO  com.itheima.controller.DeptController-查询全部部门数据
2025-08-11 16:51:51.439 [http-nio-8080-exec-5] INFO  com.itheima.controller.DeptController-查询全部部门数据
2025-08-11 16:52:11.922 [http-nio-8080-exec-6] INFO  com.itheima.controller.DeptController-查询全部部门数据
2025-08-11 16:52:59.282 [http-nio-8080-exec-7] INFO  com.itheima.controller.DeptController-查询全部部门数据
2025-08-11 16:53:02.009 [http-nio-8080-exec-4] INFO  com.itheima.controller.DeptController-查询全部部门数据
2025-08-11 16:53:03.472 [http-nio-8080-exec-9] INFO  com.itheima.controller.DeptController-查询全部部门数据
2025-08-11 16:53:05.936 [http-nio-8080-exec-10] INFO  com.itheima.controller.DeptController-查询全部部门数据
2025-08-11 16:53:10.283 [http-nio-8080-exec-1] INFO  com.itheima.controller.DeptController-查询全部部门数据
2025-08-11 16:54:55.197 [http-nio-8080-exec-2] INFO  com.itheima.controller.DeptController-查询全部部门数据
2025-08-11 16:55:05.813 [http-nio-8080-exec-3] INFO  com.itheima.controller.DeptController-根据ID查询部门：37
2025-08-11 16:56:17.956 [http-nio-8080-exec-8] INFO  com.itheima.controller.DeptController-查询全部部门数据
2025-08-11 16:56:47.229 [http-nio-8080-exec-5] INFO  com.itheima.controller.DeptController-查询全部部门数据
2025-08-11 16:58:23.833 [http-nio-8080-exec-6] INFO  com.itheima.controller.DeptController-查询全部部门数据
2025-08-11 16:58:53.926 [http-nio-8080-exec-7] INFO  com.itheima.controller.DeptController-查询全部部门数据
2025-08-11 16:59:40.482 [http-nio-8080-exec-4] INFO  com.itheima.controller.DeptController-查询全部部门数据
2025-08-11 16:59:44.415 [http-nio-8080-exec-9] INFO  com.itheima.controller.DeptController-查询全部部门数据
2025-08-11 16:59:50.664 [http-nio-8080-exec-10] INFO  com.itheima.controller.DeptController-添加部门：Dept(id=null, name=8888, createTime=null, updateTime=null)
2025-08-11 16:59:50.670 [http-nio-8080-exec-10] INFO  com.itheima.aop.OperationLogAspect-记录操作日志：OperateLog(id=null, operateEmpId=null, operateTime=2025-08-11T16:59:50.670457500, className=com.itheima.controller.DeptController, methodName=add, methodParams=[Dept(id=null, name=8888, createTime=2025-08-11T16:59:50.664624, updateTime=2025-08-11T16:59:50.664624)], returnValue=Result(code=1, msg=success, data=null), costTime=6, operateEmpName=null)
2025-08-11 16:59:50.676 [http-nio-8080-exec-1] INFO  com.itheima.controller.DeptController-查询全部部门数据
2025-08-11 16:59:52.900 [http-nio-8080-exec-2] INFO  com.itheima.controller.DeptController-根据ID查询部门：38
2025-08-11 17:00:10.121 [http-nio-8080-exec-3] INFO  com.itheima.controller.DeptController-查询全部部门数据
2025-08-11 17:00:11.127 [http-nio-8080-exec-8] INFO  com.itheima.controller.DeptController-根据ID查询部门：38
2025-08-11 17:00:41.805 [http-nio-8080-exec-5] INFO  com.itheima.controller.DeptController-根据ID查询部门：38
2025-08-11 17:01:14.186 [http-nio-8080-exec-6] INFO  com.itheima.controller.DeptController-查询全部部门数据
2025-08-11 17:01:17.990 [http-nio-8080-exec-7] INFO  com.itheima.controller.DeptController-查询全部部门数据
2025-08-11 17:01:23.245 [http-nio-8080-exec-4] INFO  com.itheima.controller.DeptController-添加部门：Dept(id=null, name=haha, createTime=null, updateTime=null)
2025-08-11 17:01:23.258 [http-nio-8080-exec-4] INFO  com.itheima.aop.OperationLogAspect-记录操作日志：OperateLog(id=null, operateEmpId=null, operateTime=2025-08-11T17:01:23.258378, className=com.itheima.controller.DeptController, methodName=add, methodParams=[Dept(id=null, name=haha, createTime=2025-08-11T17:01:23.250870900, updateTime=2025-08-11T17:01:23.250870900)], returnValue=Result(code=1, msg=success, data=null), costTime=13, operateEmpName=null)
2025-08-11 17:01:23.271 [http-nio-8080-exec-9] INFO  com.itheima.controller.DeptController-查询全部部门数据
2025-08-11 17:01:29.048 [http-nio-8080-exec-10] INFO  com.itheima.controller.DeptController-添加部门：Dept(id=null, name=哈哈, createTime=null, updateTime=null)
2025-08-11 17:01:29.056 [http-nio-8080-exec-10] INFO  com.itheima.aop.OperationLogAspect-记录操作日志：OperateLog(id=null, operateEmpId=null, operateTime=2025-08-11T17:01:29.056154400, className=com.itheima.controller.DeptController, methodName=add, methodParams=[Dept(id=null, name=哈哈, createTime=2025-08-11T17:01:29.049513500, updateTime=2025-08-11T17:01:29.049513500)], returnValue=Result(code=1, msg=success, data=null), costTime=8, operateEmpName=null)
2025-08-11 17:01:29.068 [http-nio-8080-exec-1] INFO  com.itheima.controller.DeptController-查询全部部门数据
2025-08-11 17:01:29.936 [http-nio-8080-exec-2] INFO  com.itheima.controller.DeptController-根据ID查询部门：40
2025-08-11 17:01:32.742 [http-nio-8080-exec-3] INFO  com.itheima.controller.DeptController-根据ID查询部门：40
2025-08-11 17:01:37.722 [http-nio-8080-exec-8] INFO  com.itheima.controller.DeptController-根据ID查询部门：40
2025-08-11 17:01:59.809 [http-nio-8080-exec-5] INFO  com.itheima.controller.DeptController-查询全部部门数据
2025-08-11 17:02:06.585 [http-nio-8080-exec-6] INFO  com.itheima.controller.DeptController-根据ID查询部门：40
2025-08-11 17:02:09.033 [http-nio-8080-exec-7] INFO  com.itheima.controller.DeptController-修改部门：Dept(id=40, name=哈哈哈哈哈哈, createTime=2025-08-11T17:01:29, updateTime=2025-08-11T17:01:29)
2025-08-11 17:02:09.045 [http-nio-8080-exec-7] INFO  com.itheima.aop.OperationLogAspect-记录操作日志：OperateLog(id=null, operateEmpId=null, operateTime=2025-08-11T17:02:09.045161300, className=com.itheima.controller.DeptController, methodName=update, methodParams=[Dept(id=40, name=哈哈哈哈哈哈, createTime=2025-08-11T17:01:29, updateTime=2025-08-11T17:02:09.033458)], returnValue=Result(code=1, msg=success, data=null), costTime=12, operateEmpName=null)
2025-08-11 17:02:09.058 [http-nio-8080-exec-4] INFO  com.itheima.controller.DeptController-查询全部部门数据
2025-08-11 17:02:11.213 [http-nio-8080-exec-9] INFO  com.itheima.controller.DeptController-根据ID查询部门：40
2025-08-11 17:02:12.596 [http-nio-8080-exec-10] INFO  com.itheima.controller.DeptController-修改部门：Dept(id=40, name=哈哈哈哈哈哈哈哈, createTime=2025-08-11T17:01:29, updateTime=2025-08-11T17:02:09)
2025-08-11 17:02:12.602 [http-nio-8080-exec-10] INFO  com.itheima.aop.OperationLogAspect-记录操作日志：OperateLog(id=null, operateEmpId=null, operateTime=2025-08-11T17:02:12.602696400, className=com.itheima.controller.DeptController, methodName=update, methodParams=[Dept(id=40, name=哈哈哈哈哈哈哈哈, createTime=2025-08-11T17:01:29, updateTime=2025-08-11T17:02:12.596582500)], returnValue=Result(code=1, msg=success, data=null), costTime=6, operateEmpName=null)
2025-08-11 17:02:12.619 [http-nio-8080-exec-1] INFO  com.itheima.controller.DeptController-查询全部部门数据
2025-08-11 17:02:14.136 [http-nio-8080-exec-2] INFO  com.itheima.controller.DeptController-根据ID查询部门：39
2025-08-11 17:02:15.801 [http-nio-8080-exec-3] INFO  com.itheima.controller.DeptController-修改部门：Dept(id=39, name=哈哈, createTime=2025-08-11T17:01:23, updateTime=2025-08-11T17:01:23)
2025-08-11 17:02:15.808 [http-nio-8080-exec-3] INFO  com.itheima.aop.OperationLogAspect-记录操作日志：OperateLog(id=null, operateEmpId=null, operateTime=2025-08-11T17:02:15.808014300, className=com.itheima.controller.DeptController, methodName=update, methodParams=[Dept(id=39, name=哈哈, createTime=2025-08-11T17:01:23, updateTime=2025-08-11T17:02:15.801816800)], returnValue=Result(code=1, msg=success, data=null), costTime=7, operateEmpName=null)
2025-08-11 17:02:15.819 [http-nio-8080-exec-8] INFO  com.itheima.controller.DeptController-查询全部部门数据
2025-08-11 17:07:33.399 [http-nio-8080-exec-5] INFO  com.itheima.controller.DeptController-查询全部部门数据
2025-08-11 17:07:53.337 [http-nio-8080-exec-6] INFO  com.itheima.controller.DeptController-查询全部部门数据
2025-08-11 17:09:50.716 [http-nio-8080-exec-7] INFO  com.itheima.controller.DeptController-查询全部部门数据
2025-08-11 17:10:57.716 [http-nio-8080-exec-4] INFO  com.itheima.controller.DeptController-查询全部部门数据
2025-08-11 17:11:37.266 [http-nio-8080-exec-9] INFO  com.itheima.controller.DeptController-查询全部部门数据
2025-08-11 17:12:06.829 [http-nio-8080-exec-10] INFO  com.itheima.controller.DeptController-查询全部部门数据
2025-08-11 17:12:18.493 [http-nio-8080-exec-1] INFO  com.itheima.controller.DeptController-查询全部部门数据
2025-08-11 17:12:51.594 [http-nio-8080-exec-2] INFO  com.itheima.controller.DeptController-查询全部部门数据
2025-08-11 17:12:59.335 [http-nio-8080-exec-3] INFO  com.itheima.controller.DeptController-查询全部部门数据
2025-08-11 17:14:58.072 [http-nio-8080-exec-8] INFO  com.itheima.controller.DeptController-查询全部部门数据
2025-08-11 17:15:53.965 [http-nio-8080-exec-5] INFO  com.itheima.controller.DeptController-查询全部部门数据
2025-08-11 17:16:01.246 [http-nio-8080-exec-6] INFO  com.itheima.controller.DeptController-查询全部部门数据
2025-08-11 17:16:06.023 [http-nio-8080-exec-7] INFO  com.itheima.controller.DeptController-根据ID删除部门：39
2025-08-11 17:16:06.043 [http-nio-8080-exec-7] INFO  com.itheima.aop.OperationLogAspect-记录操作日志：OperateLog(id=null, operateEmpId=null, operateTime=2025-08-11T17:16:06.043698900, className=com.itheima.controller.DeptController, methodName=delete, methodParams=[39], returnValue=Result(code=1, msg=success, data=null), costTime=20, operateEmpName=null)
2025-08-11 17:16:06.056 [http-nio-8080-exec-4] INFO  com.itheima.controller.DeptController-查询全部部门数据
2025-08-11 17:16:11.505 [http-nio-8080-exec-9] INFO  com.itheima.controller.DeptController-根据ID删除部门：40
2025-08-11 17:16:11.512 [http-nio-8080-exec-9] INFO  com.itheima.aop.OperationLogAspect-记录操作日志：OperateLog(id=null, operateEmpId=null, operateTime=2025-08-11T17:16:11.512176400, className=com.itheima.controller.DeptController, methodName=delete, methodParams=[40], returnValue=Result(code=1, msg=success, data=null), costTime=7, operateEmpName=null)
2025-08-11 17:16:11.516 [http-nio-8080-exec-10] INFO  com.itheima.controller.DeptController-查询全部部门数据
2025-08-11 17:16:13.679 [http-nio-8080-exec-1] INFO  com.itheima.controller.DeptController-根据ID删除部门：38
2025-08-11 17:16:13.685 [http-nio-8080-exec-1] INFO  com.itheima.aop.OperationLogAspect-记录操作日志：OperateLog(id=null, operateEmpId=null, operateTime=2025-08-11T17:16:13.685470400, className=com.itheima.controller.DeptController, methodName=delete, methodParams=[38], returnValue=Result(code=1, msg=success, data=null), costTime=6, operateEmpName=null)
2025-08-11 17:16:13.694 [http-nio-8080-exec-2] INFO  com.itheima.controller.DeptController-查询全部部门数据
2025-08-11 17:16:14.842 [http-nio-8080-exec-3] INFO  com.itheima.controller.DeptController-根据ID删除部门：37
2025-08-11 17:16:14.848 [http-nio-8080-exec-3] INFO  com.itheima.aop.OperationLogAspect-记录操作日志：OperateLog(id=null, operateEmpId=null, operateTime=2025-08-11T17:16:14.848162900, className=com.itheima.controller.DeptController, methodName=delete, methodParams=[37], returnValue=Result(code=1, msg=success, data=null), costTime=6, operateEmpName=null)
2025-08-11 17:16:14.854 [http-nio-8080-exec-8] INFO  com.itheima.controller.DeptController-查询全部部门数据
2025-08-11 17:16:16.097 [http-nio-8080-exec-5] INFO  com.itheima.controller.DeptController-根据ID删除部门：36
2025-08-11 17:16:16.103 [http-nio-8080-exec-5] INFO  com.itheima.aop.OperationLogAspect-记录操作日志：OperateLog(id=null, operateEmpId=null, operateTime=2025-08-11T17:16:16.103684800, className=com.itheima.controller.DeptController, methodName=delete, methodParams=[36], returnValue=Result(code=1, msg=success, data=null), costTime=5, operateEmpName=null)
2025-08-11 17:16:16.111 [http-nio-8080-exec-6] INFO  com.itheima.controller.DeptController-查询全部部门数据
2025-08-11 17:16:17.387 [http-nio-8080-exec-7] INFO  com.itheima.controller.DeptController-根据ID删除部门：35
2025-08-11 17:16:17.394 [http-nio-8080-exec-7] INFO  com.itheima.aop.OperationLogAspect-记录操作日志：OperateLog(id=null, operateEmpId=null, operateTime=2025-08-11T17:16:17.394104100, className=com.itheima.controller.DeptController, methodName=delete, methodParams=[35], returnValue=Result(code=1, msg=success, data=null), costTime=7, operateEmpName=null)
2025-08-11 17:16:17.401 [http-nio-8080-exec-4] INFO  com.itheima.controller.DeptController-查询全部部门数据
2025-08-11 17:16:19.115 [http-nio-8080-exec-9] INFO  com.itheima.controller.DeptController-根据ID删除部门：34
2025-08-11 17:16:19.121 [http-nio-8080-exec-9] INFO  com.itheima.aop.OperationLogAspect-记录操作日志：OperateLog(id=null, operateEmpId=null, operateTime=2025-08-11T17:16:19.121947200, className=com.itheima.controller.DeptController, methodName=delete, methodParams=[34], returnValue=Result(code=1, msg=success, data=null), costTime=6, operateEmpName=null)
2025-08-11 17:16:19.132 [http-nio-8080-exec-10] INFO  com.itheima.controller.DeptController-查询全部部门数据
2025-08-11 17:16:20.552 [http-nio-8080-exec-1] INFO  com.itheima.controller.DeptController-根据ID删除部门：32
2025-08-11 17:16:20.557 [http-nio-8080-exec-1] INFO  com.itheima.aop.OperationLogAspect-记录操作日志：OperateLog(id=null, operateEmpId=null, operateTime=2025-08-11T17:16:20.557974600, className=com.itheima.controller.DeptController, methodName=delete, methodParams=[32], returnValue=Result(code=1, msg=success, data=null), costTime=5, operateEmpName=null)
2025-08-11 17:16:20.564 [http-nio-8080-exec-2] INFO  com.itheima.controller.DeptController-查询全部部门数据
2025-08-11 17:16:22.369 [http-nio-8080-exec-3] INFO  com.itheima.controller.DeptController-根据ID删除部门：31
2025-08-11 17:16:22.375 [http-nio-8080-exec-3] INFO  com.itheima.aop.OperationLogAspect-记录操作日志：OperateLog(id=null, operateEmpId=null, operateTime=2025-08-11T17:16:22.375081300, className=com.itheima.controller.DeptController, methodName=delete, methodParams=[31], returnValue=Result(code=1, msg=success, data=null), costTime=6, operateEmpName=null)
2025-08-11 17:16:22.382 [http-nio-8080-exec-8] INFO  com.itheima.controller.DeptController-查询全部部门数据
2025-08-11 17:16:23.713 [http-nio-8080-exec-5] INFO  com.itheima.controller.DeptController-根据ID删除部门：30
2025-08-11 17:16:23.714 [http-nio-8080-exec-5] INFO  com.itheima.aop.OperationLogAspect-记录操作日志：OperateLog(id=null, operateEmpId=null, operateTime=2025-08-11T17:16:23.714699400, className=com.itheima.controller.DeptController, methodName=delete, methodParams=[30], returnValue=Result(code=1, msg=success, data=null), costTime=1, operateEmpName=null)
2025-08-11 17:16:23.726 [http-nio-8080-exec-6] INFO  com.itheima.controller.DeptController-查询全部部门数据
2025-08-11 17:16:27.658 [http-nio-8080-exec-7] INFO  com.itheima.controller.DeptController-根据ID删除部门：27
2025-08-11 17:16:27.664 [http-nio-8080-exec-7] INFO  com.itheima.aop.OperationLogAspect-记录操作日志：OperateLog(id=null, operateEmpId=null, operateTime=2025-08-11T17:16:27.664095800, className=com.itheima.controller.DeptController, methodName=delete, methodParams=[27], returnValue=Result(code=1, msg=success, data=null), costTime=6, operateEmpName=null)
2025-08-11 17:16:27.671 [http-nio-8080-exec-4] INFO  com.itheima.controller.DeptController-查询全部部门数据
2025-08-11 17:16:29.289 [http-nio-8080-exec-9] INFO  com.itheima.controller.DeptController-根据ID删除部门：26
2025-08-11 17:16:29.296 [http-nio-8080-exec-9] INFO  com.itheima.aop.OperationLogAspect-记录操作日志：OperateLog(id=null, operateEmpId=null, operateTime=2025-08-11T17:16:29.296019900, className=com.itheima.controller.DeptController, methodName=delete, methodParams=[26], returnValue=Result(code=1, msg=success, data=null), costTime=7, operateEmpName=null)
2025-08-11 17:16:29.308 [http-nio-8080-exec-10] INFO  com.itheima.controller.DeptController-查询全部部门数据
2025-08-11 17:16:37.939 [http-nio-8080-exec-1] INFO  com.itheima.controller.DeptController-查询全部部门数据
2025-08-11 17:16:43.711 [http-nio-8080-exec-2] INFO  com.itheima.controller.DeptController-添加部门：Dept(id=null, name=研发一部, createTime=null, updateTime=null)
2025-08-11 17:16:43.711 [http-nio-8080-exec-2] INFO  com.itheima.aop.OperationLogAspect-记录操作日志：OperateLog(id=null, operateEmpId=null, operateTime=2025-08-11T17:16:43.711085100, className=com.itheima.controller.DeptController, methodName=add, methodParams=[Dept(id=null, name=研发一部, createTime=2025-08-11T17:16:43.711085100, updateTime=2025-08-11T17:16:43.711085100)], returnValue=Result(code=1, msg=success, data=null), costTime=0, operateEmpName=null)
2025-08-11 17:16:43.723 [http-nio-8080-exec-3] INFO  com.itheima.controller.DeptController-查询全部部门数据
2025-08-11 17:29:54.219 [http-nio-8080-exec-8] INFO  com.itheima.controller.DeptController-查询全部部门数据
2025-08-11 17:31:22.080 [http-nio-8080-exec-5] INFO  com.itheima.controller.DeptController-查询全部部门数据
2025-08-11 17:33:02.107 [http-nio-8080-exec-6] INFO  com.itheima.controller.DeptController-查询全部部门数据
2025-08-11 17:33:32.950 [http-nio-8080-exec-7] INFO  com.itheima.controller.DeptController-查询全部部门数据
2025-08-11 17:33:34.383 [http-nio-8080-exec-4] INFO  com.itheima.controller.DeptController-查询全部部门数据
2025-08-11 17:35:21.240 [http-nio-8080-exec-9] INFO  com.itheima.controller.DeptController-查询全部部门数据
2025-08-11 17:35:24.440 [http-nio-8080-exec-10] INFO  com.itheima.controller.DeptController-查询全部部门数据
2025-08-11 17:37:36.624 [http-nio-8080-exec-1] INFO  com.itheima.controller.DeptController-查询全部部门数据
2025-08-11 17:37:53.274 [http-nio-8080-exec-2] INFO  com.itheima.controller.DeptController-查询全部部门数据
2025-08-11 17:38:00.714 [http-nio-8080-exec-3] INFO  com.itheima.controller.DeptController-根据ID查询部门：41
2025-08-11 17:38:09.738 [http-nio-8080-exec-8] INFO  com.itheima.controller.DeptController-根据ID查询部门：41
2025-08-11 17:38:14.731 [http-nio-8080-exec-5] INFO  com.itheima.controller.DeptController-根据ID查询部门：2
2025-08-11 17:39:21.683 [http-nio-8080-exec-6] INFO  com.itheima.controller.DeptController-查询全部部门数据
2025-08-11 17:40:15.310 [http-nio-8080-exec-7] INFO  com.itheima.controller.DeptController-查询全部部门数据
2025-08-11 17:44:01.107 [http-nio-8080-exec-4] INFO  com.itheima.controller.DeptController-查询全部部门数据
2025-08-11 17:45:22.016 [http-nio-8080-exec-9] INFO  com.itheima.controller.DeptController-查询全部部门数据
2025-08-11 17:45:34.616 [http-nio-8080-exec-10] INFO  com.itheima.controller.DeptController-查询全部部门数据
2025-08-11 17:45:37.867 [http-nio-8080-exec-1] INFO  com.itheima.controller.DeptController-查询全部部门数据
2025-08-11 17:47:11.942 [SpringApplicationShutdownHook] INFO  o.s.boot.web.embedded.tomcat.GracefulShutdown-Commencing graceful shutdown. Waiting for active requests to complete
2025-08-11 17:47:11.944 [tomcat-shutdown] INFO  o.s.boot.web.embedded.tomcat.GracefulShutdown-Graceful shutdown complete
2025-08-11 17:47:11.958 [SpringApplicationShutdownHook] INFO  com.zaxxer.hikari.HikariDataSource-HikariPool-1 - Shutdown initiated...
2025-08-11 17:47:11.966 [SpringApplicationShutdownHook] INFO  com.zaxxer.hikari.HikariDataSource-HikariPool-1 - Shutdown completed.
