2025-09-08 15:07:27.243 [main] INFO  com.itheima.TliasWebManagementApplication-Starting TliasWebManagementApplication using Java 21.0.7 with PID 16516 (D:\develop\Code\tlias-app\tlias-web-management-server\tlias-web-management\target\classes started by 麻效铭 in D:\develop\Code\tlias-app\tlias-web-management-server)
2025-09-08 15:07:27.243 [main] INFO  com.itheima.TliasWebManagementApplication-No active profile set, falling back to 1 default profile: "default"
2025-09-08 15:07:28.183 [main] INFO  o.s.boot.web.embedded.tomcat.TomcatWebServer-Tomcat initialized with port 8080 (http)
2025-09-08 15:07:28.192 [main] INFO  org.apache.coyote.http11.Http11NioProtocol-Initializing ProtocolHandler ["http-nio-8080"]
2025-09-08 15:07:28.192 [main] INFO  org.apache.catalina.core.StandardService-Starting service [Tomcat]
2025-09-08 15:07:28.192 [main] INFO  org.apache.catalina.core.StandardEngine-Starting Servlet engine: [Apache Tomcat/10.1.42]
2025-09-08 15:07:28.234 [main] INFO  o.a.c.core.ContainerBase.[Tomcat].[localhost].[/]-Initializing Spring embedded WebApplicationContext
2025-09-08 15:07:28.234 [main] INFO  o.s.b.w.s.c.ServletWebServerApplicationContext-Root WebApplicationContext: initialization completed in 958 ms
2025-09-08 15:07:28.867 [main] INFO  org.apache.coyote.http11.Http11NioProtocol-Starting ProtocolHandler ["http-nio-8080"]
2025-09-08 15:07:28.880 [main] INFO  o.s.boot.web.embedded.tomcat.TomcatWebServer-Tomcat started on port 8080 (http) with context path '/'
2025-09-08 15:07:28.884 [main] INFO  com.itheima.TliasWebManagementApplication-Started TliasWebManagementApplication in 1.961 seconds (process running for 3.177)
2025-09-08 15:07:58.788 [http-nio-8080-exec-2] INFO  o.a.c.core.ContainerBase.[Tomcat].[localhost].[/]-Initializing Spring DispatcherServlet 'dispatcherServlet'
2025-09-08 15:07:58.791 [http-nio-8080-exec-2] INFO  org.springframework.web.servlet.DispatcherServlet-Initializing Servlet 'dispatcherServlet'
2025-09-08 15:07:58.792 [http-nio-8080-exec-2] INFO  org.springframework.web.servlet.DispatcherServlet-Completed initialization in 1 ms
2025-09-08 15:07:58.851 [http-nio-8080-exec-2] INFO  com.itheima.interceptor.TokenInterceptor-令牌为空，响应401
2025-09-08 15:08:11.011 [http-nio-8080-exec-1] INFO  com.itheima.interceptor.TokenInterceptor-令牌为空，响应401
2025-09-08 15:09:02.330 [http-nio-8080-exec-4] INFO  com.itheima.controller.LoginController-登录：Emp(id=null, username=xiaoming, password=123456, name=null, gender=null, phone=null, job=null, salary=null, image=null, entryDate=null, deptId=null, createTime=null, updateTime=null, deptName=null, exprList=null)
2025-09-08 15:09:02.400 [http-nio-8080-exec-4] INFO  com.zaxxer.hikari.HikariDataSource-HikariPool-1 - Starting...
2025-09-08 15:09:03.450 [http-nio-8080-exec-4] INFO  com.zaxxer.hikari.pool.HikariPool-HikariPool-1 - Added connection com.mysql.cj.jdbc.ConnectionImpl@43584fb
2025-09-08 15:09:03.460 [http-nio-8080-exec-4] INFO  com.zaxxer.hikari.HikariDataSource-HikariPool-1 - Start completed.
2025-09-08 15:09:03.670 [http-nio-8080-exec-4] INFO  com.itheima.service.impl.EmpServiceImpl-登录成功，员工信息：Emp(id=75, username=xiaoming, password=null, name=小明, gender=null, phone=null, job=null, salary=null, image=null, entryDate=null, deptId=null, createTime=null, updateTime=null, deptName=null, exprList=null)
2025-09-08 15:09:03.771 [http-nio-8080-exec-4] INFO  com.itheima.aop.LoginLogAspect2-记录登录日志：EmpLoginLog(id=null, username=xiaoming, password=123456, loginTime=2025-09-08T15:09:03.771081800, isSuccess=1, jwt=eyJhbGciOiJIUzI1NiJ9.eyJpZCI6NzUsInVzZXJuYW1lIjoieGlhb21pbmciLCJleHAiOjE3NTc0MTI1NDN9.putciUmaIhT3Xbvi3IyTD6E6vVBhAuPxXD5NV5m-GWM, costTime=1441)
2025-09-08 15:09:06.740 [http-nio-8080-exec-5] INFO  com.itheima.interceptor.TokenInterceptor-当前登录员工ID：75，将其存入ThreadLocal
2025-09-08 15:09:06.740 [http-nio-8080-exec-5] INFO  com.itheima.interceptor.TokenInterceptor-令牌合法，放行
2025-09-08 15:09:06.795 [http-nio-8080-exec-5] INFO  com.itheima.controller.ClazzController-查询班级列表，ClazzQueryParam(name=, begin=null, end=null, page=1, pageSize=10)
2025-09-08 15:09:07.010 [http-nio-8080-exec-6] INFO  com.itheima.interceptor.TokenInterceptor-当前登录员工ID：75，将其存入ThreadLocal
2025-09-08 15:09:07.010 [http-nio-8080-exec-6] INFO  com.itheima.interceptor.TokenInterceptor-令牌合法，放行
2025-09-08 15:09:07.010 [http-nio-8080-exec-6] INFO  com.itheima.controller.EmpController-查询全部员工
2025-09-08 15:09:07.084 [http-nio-8080-exec-6] INFO  com.itheima.interceptor.TokenInterceptor-请求处理完成，清理ThreadLocal
2025-09-08 15:09:07.140 [http-nio-8080-exec-5] INFO  com.itheima.interceptor.TokenInterceptor-请求处理完成，清理ThreadLocal
2025-09-08 15:09:07.608 [http-nio-8080-exec-7] INFO  com.itheima.interceptor.TokenInterceptor-当前登录员工ID：75，将其存入ThreadLocal
2025-09-08 15:09:07.608 [http-nio-8080-exec-7] INFO  com.itheima.interceptor.TokenInterceptor-令牌合法，放行
2025-09-08 15:09:07.614 [http-nio-8080-exec-7] INFO  com.itheima.controller.EmpController-分页查询：EmpQueryParam(page=1, pageSize=10, name=, gender=null, begin=null, end=null)
2025-09-08 15:09:07.625 [http-nio-8080-exec-8] INFO  com.itheima.interceptor.TokenInterceptor-当前登录员工ID：75，将其存入ThreadLocal
2025-09-08 15:09:07.625 [http-nio-8080-exec-8] INFO  com.itheima.interceptor.TokenInterceptor-令牌合法，放行
2025-09-08 15:09:07.625 [http-nio-8080-exec-8] INFO  com.itheima.controller.DeptController-查询全部部门数据
2025-09-08 15:09:07.651 [http-nio-8080-exec-8] INFO  com.itheima.interceptor.TokenInterceptor-请求处理完成，清理ThreadLocal
2025-09-08 15:09:07.659 [http-nio-8080-exec-7] INFO  com.itheima.interceptor.TokenInterceptor-请求处理完成，清理ThreadLocal
2025-09-08 15:09:08.373 [http-nio-8080-exec-9] INFO  com.itheima.interceptor.TokenInterceptor-当前登录员工ID：75，将其存入ThreadLocal
2025-09-08 15:09:08.373 [http-nio-8080-exec-9] INFO  com.itheima.interceptor.TokenInterceptor-令牌合法，放行
2025-09-08 15:09:08.375 [http-nio-8080-exec-9] INFO  com.itheima.controller.ReportController-统计学员的学历信息
2025-09-08 15:09:08.388 [http-nio-8080-exec-10] INFO  com.itheima.interceptor.TokenInterceptor-当前登录员工ID：75，将其存入ThreadLocal
2025-09-08 15:09:08.388 [http-nio-8080-exec-10] INFO  com.itheima.interceptor.TokenInterceptor-令牌合法，放行
2025-09-08 15:09:08.388 [http-nio-8080-exec-10] INFO  com.itheima.controller.ReportController-统计每一个班级的人数
2025-09-08 15:09:08.390 [http-nio-8080-exec-9] INFO  com.itheima.interceptor.TokenInterceptor-请求处理完成，清理ThreadLocal
2025-09-08 15:09:08.407 [http-nio-8080-exec-10] INFO  com.itheima.interceptor.TokenInterceptor-请求处理完成，清理ThreadLocal
2025-09-08 15:09:09.062 [http-nio-8080-exec-2] INFO  com.itheima.interceptor.TokenInterceptor-当前登录员工ID：75，将其存入ThreadLocal
2025-09-08 15:09:09.062 [http-nio-8080-exec-2] INFO  com.itheima.interceptor.TokenInterceptor-令牌合法，放行
2025-09-08 15:09:09.065 [http-nio-8080-exec-2] INFO  com.itheima.controller.LogController-日志信息的分页查询:page1，pageSize10
2025-09-08 15:09:09.120 [http-nio-8080-exec-2] INFO  com.itheima.interceptor.TokenInterceptor-请求处理完成，清理ThreadLocal
2025-09-08 15:09:09.782 [http-nio-8080-exec-3] INFO  com.itheima.interceptor.TokenInterceptor-当前登录员工ID：75，将其存入ThreadLocal
2025-09-08 15:09:09.790 [http-nio-8080-exec-1] INFO  com.itheima.interceptor.TokenInterceptor-当前登录员工ID：75，将其存入ThreadLocal
2025-09-08 15:09:09.790 [http-nio-8080-exec-3] INFO  com.itheima.interceptor.TokenInterceptor-令牌合法，放行
2025-09-08 15:09:09.790 [http-nio-8080-exec-1] INFO  com.itheima.interceptor.TokenInterceptor-令牌合法，放行
2025-09-08 15:09:09.790 [http-nio-8080-exec-1] INFO  com.itheima.controller.ReportController-统计员工职位人数
2025-09-08 15:09:09.790 [http-nio-8080-exec-3] INFO  com.itheima.controller.ReportController-统计员工性别人数
2025-09-08 15:09:09.801 [http-nio-8080-exec-1] INFO  com.itheima.interceptor.TokenInterceptor-请求处理完成，清理ThreadLocal
2025-09-08 15:09:09.820 [http-nio-8080-exec-3] INFO  com.itheima.interceptor.TokenInterceptor-请求处理完成，清理ThreadLocal
2025-09-08 15:09:10.780 [http-nio-8080-exec-4] INFO  com.itheima.interceptor.TokenInterceptor-当前登录员工ID：75，将其存入ThreadLocal
2025-09-08 15:09:10.780 [http-nio-8080-exec-4] INFO  com.itheima.interceptor.TokenInterceptor-令牌合法，放行
2025-09-08 15:09:10.780 [http-nio-8080-exec-4] INFO  com.itheima.controller.DeptController-查询全部部门数据
2025-09-08 15:09:10.790 [http-nio-8080-exec-4] INFO  com.itheima.interceptor.TokenInterceptor-请求处理完成，清理ThreadLocal
2025-09-08 15:09:11.334 [http-nio-8080-exec-6] INFO  com.itheima.interceptor.TokenInterceptor-当前登录员工ID：75，将其存入ThreadLocal
2025-09-08 15:09:11.334 [http-nio-8080-exec-6] INFO  com.itheima.interceptor.TokenInterceptor-令牌合法，放行
2025-09-08 15:09:11.338 [http-nio-8080-exec-6] INFO  com.itheima.controller.EmpController-分页查询：EmpQueryParam(page=1, pageSize=10, name=, gender=null, begin=null, end=null)
2025-09-08 15:09:11.354 [http-nio-8080-exec-5] INFO  com.itheima.interceptor.TokenInterceptor-当前登录员工ID：75，将其存入ThreadLocal
2025-09-08 15:09:11.354 [http-nio-8080-exec-5] INFO  com.itheima.interceptor.TokenInterceptor-令牌合法，放行
2025-09-08 15:09:11.354 [http-nio-8080-exec-5] INFO  com.itheima.controller.DeptController-查询全部部门数据
2025-09-08 15:09:11.360 [http-nio-8080-exec-5] INFO  com.itheima.interceptor.TokenInterceptor-请求处理完成，清理ThreadLocal
2025-09-08 15:09:11.380 [http-nio-8080-exec-6] INFO  com.itheima.interceptor.TokenInterceptor-请求处理完成，清理ThreadLocal
2025-09-08 15:09:13.042 [http-nio-8080-exec-7] INFO  com.itheima.interceptor.TokenInterceptor-当前登录员工ID：75，将其存入ThreadLocal
2025-09-08 15:09:13.042 [http-nio-8080-exec-7] INFO  com.itheima.interceptor.TokenInterceptor-令牌合法，放行
2025-09-08 15:09:13.045 [http-nio-8080-exec-7] INFO  com.itheima.controller.StudentController-学员列表数据的条件分页查询:StudentQueryParam(name=, degree=null, clazzId=null, page=1, pageSize=10)
2025-09-08 15:09:13.063 [http-nio-8080-exec-9] INFO  com.itheima.interceptor.TokenInterceptor-当前登录员工ID：75，将其存入ThreadLocal
2025-09-08 15:09:13.063 [http-nio-8080-exec-9] INFO  com.itheima.interceptor.TokenInterceptor-令牌合法，放行
2025-09-08 15:09:13.063 [http-nio-8080-exec-9] INFO  com.itheima.controller.ClazzController-查询所有班级
2025-09-08 15:09:13.080 [http-nio-8080-exec-9] INFO  com.itheima.interceptor.TokenInterceptor-请求处理完成，清理ThreadLocal
2025-09-08 15:09:13.090 [http-nio-8080-exec-7] INFO  com.itheima.interceptor.TokenInterceptor-请求处理完成，清理ThreadLocal
2025-09-08 15:09:13.551 [http-nio-8080-exec-2] INFO  com.itheima.interceptor.TokenInterceptor-当前登录员工ID：75，将其存入ThreadLocal
2025-09-08 15:09:13.551 [http-nio-8080-exec-10] INFO  com.itheima.interceptor.TokenInterceptor-当前登录员工ID：75，将其存入ThreadLocal
2025-09-08 15:09:13.551 [http-nio-8080-exec-2] INFO  com.itheima.interceptor.TokenInterceptor-令牌合法，放行
2025-09-08 15:09:13.551 [http-nio-8080-exec-10] INFO  com.itheima.interceptor.TokenInterceptor-令牌合法，放行
2025-09-08 15:09:13.551 [http-nio-8080-exec-2] INFO  com.itheima.controller.EmpController-查询全部员工
2025-09-08 15:09:13.551 [http-nio-8080-exec-10] INFO  com.itheima.controller.ClazzController-查询班级列表，ClazzQueryParam(name=, begin=null, end=null, page=1, pageSize=10)
2025-09-08 15:09:13.580 [http-nio-8080-exec-2] INFO  com.itheima.interceptor.TokenInterceptor-请求处理完成，清理ThreadLocal
2025-09-08 15:09:13.600 [http-nio-8080-exec-10] INFO  com.itheima.interceptor.TokenInterceptor-请求处理完成，清理ThreadLocal
2025-09-08 15:09:21.294 [http-nio-8080-exec-1] INFO  com.itheima.interceptor.TokenInterceptor-当前登录员工ID：75，将其存入ThreadLocal
2025-09-08 15:09:21.294 [http-nio-8080-exec-1] INFO  com.itheima.interceptor.TokenInterceptor-令牌合法，放行
2025-09-08 15:09:21.302 [http-nio-8080-exec-1] INFO  com.itheima.controller.EmpController-分页查询：EmpQueryParam(page=1, pageSize=10, name=, gender=null, begin=null, end=null)
2025-09-08 15:09:21.315 [http-nio-8080-exec-3] INFO  com.itheima.interceptor.TokenInterceptor-当前登录员工ID：75，将其存入ThreadLocal
2025-09-08 15:09:21.315 [http-nio-8080-exec-3] INFO  com.itheima.interceptor.TokenInterceptor-令牌合法，放行
2025-09-08 15:09:21.315 [http-nio-8080-exec-3] INFO  com.itheima.controller.DeptController-查询全部部门数据
2025-09-08 15:09:21.323 [http-nio-8080-exec-3] INFO  com.itheima.interceptor.TokenInterceptor-请求处理完成，清理ThreadLocal
2025-09-08 15:09:21.331 [http-nio-8080-exec-1] INFO  com.itheima.interceptor.TokenInterceptor-请求处理完成，清理ThreadLocal
2025-09-08 15:09:21.737 [http-nio-8080-exec-4] INFO  com.itheima.interceptor.TokenInterceptor-当前登录员工ID：75，将其存入ThreadLocal
2025-09-08 15:09:21.737 [http-nio-8080-exec-4] INFO  com.itheima.interceptor.TokenInterceptor-令牌合法，放行
2025-09-08 15:09:21.741 [http-nio-8080-exec-4] INFO  com.itheima.controller.ReportController-统计员工职位人数
2025-09-08 15:09:21.746 [http-nio-8080-exec-4] INFO  com.itheima.interceptor.TokenInterceptor-请求处理完成，清理ThreadLocal
2025-09-08 15:09:21.754 [http-nio-8080-exec-5] INFO  com.itheima.interceptor.TokenInterceptor-当前登录员工ID：75，将其存入ThreadLocal
2025-09-08 15:09:21.754 [http-nio-8080-exec-5] INFO  com.itheima.interceptor.TokenInterceptor-令牌合法，放行
2025-09-08 15:09:21.754 [http-nio-8080-exec-5] INFO  com.itheima.controller.ReportController-统计员工性别人数
2025-09-08 15:09:21.762 [http-nio-8080-exec-5] INFO  com.itheima.interceptor.TokenInterceptor-请求处理完成，清理ThreadLocal
2025-09-08 15:09:22.150 [http-nio-8080-exec-6] INFO  com.itheima.interceptor.TokenInterceptor-当前登录员工ID：75，将其存入ThreadLocal
2025-09-08 15:09:22.150 [http-nio-8080-exec-6] INFO  com.itheima.interceptor.TokenInterceptor-令牌合法，放行
2025-09-08 15:09:22.150 [http-nio-8080-exec-6] INFO  com.itheima.controller.ReportController-统计每一个班级的人数
2025-09-08 15:09:22.150 [http-nio-8080-exec-8] INFO  com.itheima.interceptor.TokenInterceptor-当前登录员工ID：75，将其存入ThreadLocal
2025-09-08 15:09:22.150 [http-nio-8080-exec-8] INFO  com.itheima.interceptor.TokenInterceptor-令牌合法，放行
2025-09-08 15:09:22.150 [http-nio-8080-exec-8] INFO  com.itheima.controller.ReportController-统计学员的学历信息
2025-09-08 15:09:22.160 [http-nio-8080-exec-6] INFO  com.itheima.interceptor.TokenInterceptor-请求处理完成，清理ThreadLocal
2025-09-08 15:09:22.160 [http-nio-8080-exec-8] INFO  com.itheima.interceptor.TokenInterceptor-请求处理完成，清理ThreadLocal
2025-09-08 15:09:23.978 [http-nio-8080-exec-7] INFO  com.itheima.interceptor.TokenInterceptor-当前登录员工ID：75，将其存入ThreadLocal
2025-09-08 15:09:23.978 [http-nio-8080-exec-9] INFO  com.itheima.interceptor.TokenInterceptor-当前登录员工ID：75，将其存入ThreadLocal
2025-09-08 15:09:23.981 [http-nio-8080-exec-7] INFO  com.itheima.interceptor.TokenInterceptor-令牌合法，放行
2025-09-08 15:09:23.981 [http-nio-8080-exec-9] INFO  com.itheima.interceptor.TokenInterceptor-令牌合法，放行
2025-09-08 15:09:23.981 [http-nio-8080-exec-9] INFO  com.itheima.controller.ReportController-统计员工职位人数
2025-09-08 15:09:23.981 [http-nio-8080-exec-7] INFO  com.itheima.controller.ReportController-统计员工性别人数
2025-09-08 15:09:23.986 [http-nio-8080-exec-7] INFO  com.itheima.interceptor.TokenInterceptor-请求处理完成，清理ThreadLocal
2025-09-08 15:09:23.986 [http-nio-8080-exec-9] INFO  com.itheima.interceptor.TokenInterceptor-请求处理完成，清理ThreadLocal
2025-09-08 15:09:24.573 [http-nio-8080-exec-2] INFO  com.itheima.interceptor.TokenInterceptor-当前登录员工ID：75，将其存入ThreadLocal
2025-09-08 15:09:24.573 [http-nio-8080-exec-10] INFO  com.itheima.interceptor.TokenInterceptor-当前登录员工ID：75，将其存入ThreadLocal
2025-09-08 15:09:24.573 [http-nio-8080-exec-2] INFO  com.itheima.interceptor.TokenInterceptor-令牌合法，放行
2025-09-08 15:09:24.573 [http-nio-8080-exec-10] INFO  com.itheima.interceptor.TokenInterceptor-令牌合法，放行
2025-09-08 15:09:24.573 [http-nio-8080-exec-2] INFO  com.itheima.controller.DeptController-查询全部部门数据
2025-09-08 15:09:24.580 [http-nio-8080-exec-10] INFO  com.itheima.controller.EmpController-分页查询：EmpQueryParam(page=1, pageSize=10, name=, gender=null, begin=null, end=null)
2025-09-08 15:09:24.582 [http-nio-8080-exec-2] INFO  com.itheima.interceptor.TokenInterceptor-请求处理完成，清理ThreadLocal
2025-09-08 15:09:24.600 [http-nio-8080-exec-10] INFO  com.itheima.interceptor.TokenInterceptor-请求处理完成，清理ThreadLocal
2025-09-08 15:09:25.255 [http-nio-8080-exec-3] INFO  com.itheima.interceptor.TokenInterceptor-当前登录员工ID：75，将其存入ThreadLocal
2025-09-08 15:09:25.255 [http-nio-8080-exec-3] INFO  com.itheima.interceptor.TokenInterceptor-令牌合法，放行
2025-09-08 15:09:25.255 [http-nio-8080-exec-3] INFO  com.itheima.controller.DeptController-查询全部部门数据
2025-09-08 15:09:25.260 [http-nio-8080-exec-3] INFO  com.itheima.interceptor.TokenInterceptor-请求处理完成，清理ThreadLocal
2025-09-08 15:09:26.117 [http-nio-8080-exec-1] INFO  com.itheima.interceptor.TokenInterceptor-当前登录员工ID：75，将其存入ThreadLocal
2025-09-08 15:09:26.117 [http-nio-8080-exec-1] INFO  com.itheima.interceptor.TokenInterceptor-令牌合法，放行
2025-09-08 15:09:26.120 [http-nio-8080-exec-1] INFO  com.itheima.controller.StudentController-学员列表数据的条件分页查询:StudentQueryParam(name=, degree=null, clazzId=null, page=1, pageSize=10)
2025-09-08 15:09:26.134 [http-nio-8080-exec-4] INFO  com.itheima.interceptor.TokenInterceptor-当前登录员工ID：75，将其存入ThreadLocal
2025-09-08 15:09:26.134 [http-nio-8080-exec-4] INFO  com.itheima.interceptor.TokenInterceptor-令牌合法，放行
2025-09-08 15:09:26.134 [http-nio-8080-exec-4] INFO  com.itheima.controller.ClazzController-查询所有班级
2025-09-08 15:09:26.142 [http-nio-8080-exec-1] INFO  com.itheima.interceptor.TokenInterceptor-请求处理完成，清理ThreadLocal
2025-09-08 15:09:26.142 [http-nio-8080-exec-4] INFO  com.itheima.interceptor.TokenInterceptor-请求处理完成，清理ThreadLocal
2025-09-08 15:09:26.956 [http-nio-8080-exec-5] INFO  com.itheima.interceptor.TokenInterceptor-当前登录员工ID：75，将其存入ThreadLocal
2025-09-08 15:09:26.956 [http-nio-8080-exec-5] INFO  com.itheima.interceptor.TokenInterceptor-令牌合法，放行
2025-09-08 15:09:26.963 [http-nio-8080-exec-5] INFO  com.itheima.controller.StudentController-根据主键ID查询学员的信息：8
2025-09-08 15:09:26.970 [http-nio-8080-exec-5] INFO  com.itheima.interceptor.TokenInterceptor-请求处理完成，清理ThreadLocal
2025-09-08 15:10:24.153 [SpringApplicationShutdownHook] INFO  o.s.boot.web.embedded.tomcat.GracefulShutdown-Commencing graceful shutdown. Waiting for active requests to complete
2025-09-08 15:10:24.158 [tomcat-shutdown] INFO  o.s.boot.web.embedded.tomcat.GracefulShutdown-Graceful shutdown complete
2025-09-08 15:10:24.161 [SpringApplicationShutdownHook] INFO  com.zaxxer.hikari.HikariDataSource-HikariPool-1 - Shutdown initiated...
2025-09-08 15:10:24.169 [SpringApplicationShutdownHook] INFO  com.zaxxer.hikari.HikariDataSource-HikariPool-1 - Shutdown completed.
